[2025-12-03 16:11:43] Excel loaded successfully.
[2025-12-03 16:11:43] Chatbot started successfully.
[2025-12-03 16:11:54] User message received: RGA
[2025-12-03 16:11:54] Mode selected: RGA
[2025-12-03 16:12:13] User message received: 150499426
[2025-12-03 16:12:13] Account found: 150499426
[2025-12-03 16:12:14] User message received: yes
[2025-12-03 16:12:14] User chose to update address for 150499426
[2025-12-03 16:12:18] User message received: asdfghjkl
[2025-12-03 16:12:18] User submitted new address for 150499426: asdfghjkl
[2025-12-03 16:12:45] Address updated for Account 150499426: asdfghjkl
[2025-12-03 16:43:41] Excel loaded successfully.
[2025-12-03 16:43:41] Chatbot started successfully.
[2025-12-03 17:26:30] User message received: ECOM
[2025-12-03 17:26:30] Mode selected: ECOM (unsupported)
[2025-12-03 17:26:50] User message received: RGA
[2025-12-03 17:26:50] Mode selected: RGA
[2025-12-03 17:26:56] User message received: 987654123
[2025-12-03 17:26:56] Account not found: 987654123
[2025-12-03 17:27:10] User message received: RGA
[2025-12-03 17:27:10] Mode selected: RGA
[2025-12-03 17:27:16] User message received: 😒
[2025-12-03 17:27:16] Invalid account number entered.
[2025-12-05 09:15:23] [INFO] Excel loaded successfully.
[2025-12-05 09:15:23] [INFO] Chatbot server started.
[2025-12-05 09:15:40] [INFO] Excel loaded successfully.
[2025-12-05 09:15:40] [INFO] Chatbot server started.
[2025-12-05 09:17:46] [INFO] User message: RGA
[2025-12-05 09:20:35] [INFO] User message: 150499426
[2025-12-05 09:20:37] [INFO] User message: no
[2025-12-05 09:24:09] [INFO] User message: RGA
[2025-12-05 09:24:12] [INFO] User message: 150499426
[2025-12-05 09:24:14] [INFO] User message: yes
[2025-12-05 09:24:17] [INFO] User message: lkjhgfds
[2025-12-05 09:24:55] [INFO] Address updated for Account 150499426: lkjhgfds
[2025-12-05 14:49:07] [INFO] Excel loaded successfully.
[2025-12-05 14:49:07] [INFO] Chatbot server started.
[2025-12-05 14:49:15] [INFO] Excel loaded successfully.
[2025-12-05 14:49:15] [INFO] Chatbot server started.
[2025-12-05 14:49:25] [INFO] User message: RGA
[2025-12-05 14:49:43] [INFO] User message: 150304782
[2025-12-05 14:53:05] [INFO] User message: RGA
[2025-12-05 14:53:16] [INFO] User message: 158290971
[2025-12-05 14:55:45] [INFO] Excel loaded successfully.
[2025-12-05 14:55:45] [INFO] Chatbot server started.
[2025-12-05 14:56:00] [INFO] User message: RGA
[2025-12-05 14:56:03] [INFO] User message: 158290971
[2025-12-05 14:56:07] [INFO] User message: yes
[2025-12-05 14:56:11] [INFO] User message: asdfghjkl;
[2025-12-05 14:56:35] [INFO] Address updated for Account 158290971: asdfghjkl;
[2025-12-05 14:58:07] [INFO] User message: RGA
[2025-12-05 14:58:10] [INFO] User message: 158236467
[2025-12-05 14:59:31] [INFO] Excel loaded successfully.
[2025-12-05 14:59:31] [INFO] Chatbot server started.
[2025-12-05 15:01:40] [INFO] Excel loaded successfully.
[2025-12-05 15:01:40] [INFO] Chatbot server started.
[2025-12-05 15:09:12] [INFO] Excel loaded successfully.
[2025-12-05 15:09:12] [INFO] Chatbot server started.
[2025-12-05 15:09:30] [INFO] User message: RGA
[2025-12-05 15:09:34] [INFO] User message: 158290971
[2025-12-05 15:09:53] [INFO] User message: RGA
[2025-12-05 15:09:56] [INFO] User message: 158236467
[2025-12-05 15:11:07] [INFO] Excel loaded successfully.
[2025-12-05 15:11:07] [INFO] Chatbot server started.
[2025-12-05 15:11:08] [INFO] User message: RGA
[2025-12-05 15:11:14] [INFO] User message: 158236467
[2025-12-05 15:16:16] [INFO] Excel loaded successfully.
[2025-12-05 15:16:16] [INFO] Chatbot server started.
[2025-12-05 15:16:17] [INFO] User message: RGA
[2025-12-05 15:16:28] [INFO] User message: 158236467
[2025-12-05 15:17:50] [INFO] Excel loaded successfully.
[2025-12-05 15:17:50] [INFO] Chatbot server started.
[2025-12-08 09:14:12] [INFO] Excel loaded successfully.
[2025-12-08 09:14:12] [INFO] Chatbot server started.
[2025-12-08 09:14:31] [INFO] Excel loaded successfully.
[2025-12-08 09:14:31] [INFO] Chatbot server started.
[2025-12-08 09:14:44] [INFO] User message: RGA
[2025-12-08 09:15:05] [INFO] User message: 158292609
[2025-12-08 09:15:20] [INFO] User message: yes
[2025-12-08 09:15:37] [INFO] User message: RGA
[2025-12-08 09:15:51] [INFO] User message: 158236467
[2025-12-08 09:16:04] [INFO] User message: nsxn
[2025-12-08 09:16:12] [INFO] User message: 1223
[2025-12-08 09:16:18] [INFO] User message: RGA
[2025-12-08 09:16:21] [INFO] User message: 158236467
[2025-12-08 09:16:22] [INFO] User message: yes
[2025-12-08 09:16:39] [INFO] User message: 12, 12, bnm, 678
[2025-12-08 09:16:45] [INFO] User message: rew
[2025-12-08 09:16:55] [INFO] User message: rew, bnm, hjkl,bnm
[2025-12-08 10:33:20] [ERROR] update_address() error: Traceback (most recent call last):
  File "C:\Users\Sabihatameem\OneDrive - Titan Company Limited\Desktop\RGA\app.py", line 215, in update_address
    clean_addr = clean_address_text(final_address)
                 ^^^^^^^^^^^^^^^^^^
NameError: name 'clean_address_text' is not defined. Did you mean: 'clean_address'?

[2025-12-08 10:33:39] [ERROR] update_address() error: Traceback (most recent call last):
  File "C:\Users\Sabihatameem\OneDrive - Titan Company Limited\Desktop\RGA\app.py", line 215, in update_address
    clean_addr = clean_address_text(final_address)
                 ^^^^^^^^^^^^^^^^^^
NameError: name 'clean_address_text' is not defined. Did you mean: 'clean_address'?

[2025-12-08 10:38:09] [INFO] Excel loaded successfully.
[2025-12-08 10:38:09] [INFO] Chatbot server started.
[2025-12-08 10:38:18] [INFO] User message: RGA
[2025-12-08 10:38:40] [INFO] User message: 150304089
[2025-12-08 10:38:42] [INFO] User message: yes
[2025-12-08 10:39:05] [INFO] User message: 21 MG Road bangalore 345667
[2025-12-08 10:39:41] [INFO] Address updated for Account 150304089: PlotDoor: 21, Street: MG, Location: Road bangalore, Pincode: 345667 | Updated on: 08-12-2025 10:39
[2025-12-08 10:41:45] [INFO] Excel loaded successfully.
[2025-12-08 10:41:45] [INFO] Chatbot server started.
[2025-12-08 10:41:58] [INFO] Excel loaded successfully.
[2025-12-08 10:41:58] [INFO] Chatbot server started.
[2025-12-08 10:42:27] [INFO] User message: RGA
[2025-12-08 10:43:34] [INFO] User message: 150281953
[2025-12-08 10:43:37] [INFO] User message: yes
[2025-12-08 10:44:40] [INFO] Excel loaded successfully.
[2025-12-08 10:44:40] [INFO] Chatbot server started.
[2025-12-08 10:45:06] [INFO] Excel loaded successfully.
[2025-12-08 10:45:06] [INFO] Chatbot server started.
[2025-12-08 10:45:07] [INFO] User message: RGA
[2025-12-08 10:45:15] [INFO] User message: 150281953
[2025-12-08 10:45:16] [INFO] User message: yes
[2025-12-08 10:45:26] [INFO] User message: 21 wer bng 5432
[2025-12-08 10:45:57] [INFO] Address updated for Account 150281953: PlotDoor: 21, Street: wer, Location: bng, Pincode: 5432 | Updated on: 08-12-2025 10:45
[2025-12-08 10:46:40] [INFO] User message: RGA
[2025-12-08 10:46:43] [INFO] User message: 159884421
[2025-12-08 11:38:11] [INFO] Excel loaded successfully.
[2025-12-08 11:38:11] [INFO] Chatbot server started.
[2025-12-08 11:38:17] [INFO] Excel loaded successfully.
[2025-12-08 11:38:17] [INFO] Chatbot server started.
[2025-12-08 11:38:42] [INFO] User message: RGA
[2025-12-08 11:38:54] [INFO] User message: 152720177
[2025-12-08 12:02:40] [INFO] Excel loaded
[2025-12-08 12:02:40] [INFO] Server started
[2025-12-08 12:02:46] [INFO] Excel loaded
[2025-12-08 12:02:46] [INFO] Server started
[2025-12-08 12:13:19] [INFO] Excel loaded
[2025-12-08 12:13:19] [INFO] Server started
[2025-12-08 12:13:25] [INFO] Excel loaded
[2025-12-08 12:13:25] [INFO] Server started
[2025-12-08 12:13:56] [INFO] DEBUG STATUS2: 'its delivered to the customer'
[2025-12-08 12:15:58] [INFO] Excel loaded
[2025-12-08 12:15:58] [INFO] Server started
[2025-12-08 12:17:11] [INFO] DEBUG STATUS2: 'its delivered to the customer'
[2025-12-08 12:19:23] [INFO] Excel loaded
[2025-12-08 12:19:23] [INFO] Server started
[2025-12-08 12:19:32] [INFO] Excel loaded
[2025-12-08 12:19:32] [INFO] Server started
[2025-12-08 12:19:54] [INFO] Excel loaded
[2025-12-08 12:19:54] [INFO] Server started
[2025-12-08 12:20:00] [INFO] Excel loaded
[2025-12-08 12:20:00] [INFO] Server started
[2025-12-08 12:20:12] [INFO] DEBUG STATUS2: 'this account dispatched from warehouse'
[2025-12-08 12:24:13] [INFO] Excel loaded
[2025-12-08 12:24:13] [INFO] Server started
[2025-12-08 12:24:47] [INFO] Excel loaded
[2025-12-08 12:24:47] [INFO] Server started
[2025-12-08 12:25:08] [INFO] DEBUG STATUS2: 'its delivered to the customer'
[2025-12-08 12:26:45] [INFO] Excel loaded
[2025-12-08 12:26:45] [INFO] Server started
[2025-12-08 12:27:08] [INFO] Excel loaded
[2025-12-08 12:27:08] [INFO] Server started
[2025-12-08 12:28:56] [INFO] DEBUG STATUS2: 'this account dispatched from warehouse'
[2025-12-08 12:35:28] [INFO] Excel loaded
[2025-12-08 12:35:28] [INFO] Server started
[2025-12-08 12:36:04] [INFO] DEBUG STATUS2: 'this account dispatched from warehouse'
[2025-12-08 12:40:34] [INFO] Excel loaded
[2025-12-08 12:40:34] [INFO] Server started
[2025-12-08 13:05:49] [INFO] Excel loaded successfully.
[2025-12-08 13:05:49] [INFO] Chatbot server started.
[2025-12-08 13:07:30] [INFO] User message: RGA
[2025-12-08 13:07:45] [INFO] User message: 150625832
[2025-12-08 13:07:45] [INFO] DEBUG STATUS2: 'this account dispatched from warehouse'
[2025-12-08 13:07:45] [INFO] SOP Response: Account: 150625832.0<br>Refund Date: 2024-12-11<br>Invoice Created: 2025-01-20<br>Dispatched: 2025-01-20<br>Courier: BLUEDART<br>Docket: 88243906752<br><a href="https://bluedart.com/home" target="_blank">Track on BlueDart</a>
[2025-12-08 13:07:48] [INFO] User message: yes
[2025-12-08 13:08:00] [INFO] User message: 213 asdfg aqsdfg 54
[2025-12-08 13:09:06] [INFO] Address updated for Account 150625832: Plot/Door: 213, Street: asdfg, Location: aqsdfg, Pincode: 54 | Updated on: 08-12-2025 13:08
[2025-12-08 14:45:59] [INFO] Excel loaded successfully.
[2025-12-08 14:45:59] [INFO] Chatbot server started.
[2025-12-08 14:46:20] [INFO] User message: RGA
[2025-12-08 14:47:14] [INFO] User message: 150262723
[2025-12-08 14:47:14] [INFO] DEBUG STATUS2: 'its delivered to the customer'
[2025-12-08 14:47:14] [ERROR] Traceback (most recent call last):
  File "C:\Users\Sabihatameem\OneDrive - Titan Company Limited\Desktop\RGA\app.py", line 157, in build_sop
    if status2 in EXTRA:
                  ^^^^^
NameError: name 'EXTRA' is not defined

[2025-12-08 14:47:14] [INFO] SOP Response: Error generating response.
[2025-12-08 14:54:40] [INFO] User message: RGA
[2025-12-08 14:54:44] [INFO] User message: 150262723
[2025-12-08 14:58:37] [INFO] Excel loaded successfully.
[2025-12-08 14:58:37] [INFO] Chatbot server started.
[2025-12-08 15:01:47] [INFO] User message: RGA
[2025-12-08 15:01:59] [INFO] User message: 150262723
[2025-12-08 15:01:59] [INFO] DEBUG STATUS2: 'its delivered to the customer'
[2025-12-08 15:01:59] [INFO] SOP Response: Account: 150262723.0<br>Status: its delivered to the customer<br>Refund Date: 2024-11-29<br>Invoice Created: 2025-01-06<br>Dispatch Date: 2025-01-06<br>Courier: BLUEDART<br>Docket: 88243701560<br><a href="https://bluedart.com/home" target="_blank">Track on BlueDart</a>
[2025-12-08 15:02:20] [INFO] User message: yes
[2025-12-08 15:02:28] [INFO] User message: 4322 dfghj sdfgh 5678
[2025-12-08 15:03:00] [INFO] Address updated for Account 150262723: Plot/Door: 4322, Street: dfghj, Location: sdfgh, Pincode: 5678 | Updated on: 08-12-2025 15:02
[2025-12-08 15:18:09] [INFO] Excel loaded successfully.
[2025-12-08 15:18:09] [INFO] Chatbot server started.
[2025-12-08 15:18:19] [INFO] User message: RGA
[2025-12-08 15:18:29] [INFO] User message: 150304089
[2025-12-08 15:18:29] [INFO] DEBUG STATUS2: 'its delivered to the customer'
[2025-12-08 15:18:29] [INFO] SOP Response: Account: 150304089<br>Status: its delivered to the customer<br>Refund Date: 2024-11-29<br>Invoice Created: 2025-01-04<br>Dispatch Date: 2025-01-04<br>Courier: BLUEDART<br>Docket: 88246021091<br><a href="https://bluedart.com/home" target="_blank">Track on BlueDart</a>
[2025-12-09 11:11:06] [INFO] Excel loaded successfully.
[2025-12-09 11:11:06] [INFO] Chatbot server started.
[2025-12-09 11:11:15] [INFO] User message: RGA
[2025-12-09 11:11:32] [INFO] User message: 159669271
[2025-12-09 11:11:32] [INFO] DEBUG STATUS2: 'this particular account is on hold - want of customer kyc'
[2025-12-09 11:11:32] [INFO] SOP Response: Pending for address verification & KYC.
[2025-12-09 11:12:06] [INFO] User message: no
[2025-12-09 11:12:12] [INFO] User message: no
[2025-12-09 11:12:47] [INFO] User message: RGA
[2025-12-09 11:12:50] [INFO] User message: 159669271
[2025-12-09 11:12:50] [INFO] DEBUG STATUS2: 'this particular account is on hold - want of customer kyc'
[2025-12-09 11:12:50] [INFO] SOP Response: Pending for address verification & KYC.
[2025-12-09 11:12:51] [INFO] User message: no
[2025-12-09 11:13:11] [INFO] User message: RGA
[2025-12-09 11:13:15] [INFO] User message: 159669271
[2025-12-09 11:13:15] [INFO] DEBUG STATUS2: 'this particular account is on hold - want of customer kyc'
[2025-12-09 11:13:15] [INFO] SOP Response: Pending for address verification & KYC.
[2025-12-09 11:13:17] [INFO] User message: no
[2025-12-09 11:13:57] [INFO] Excel loaded successfully.
[2025-12-09 11:13:57] [INFO] Chatbot server started.
[2025-12-09 11:14:02] [INFO] User message: RGA
[2025-12-09 11:14:06] [INFO] User message: 159669271
[2025-12-09 11:14:06] [INFO] DEBUG STATUS2: 'this particular account is on hold - want of customer kyc'
[2025-12-09 11:14:06] [INFO] SOP Response: Pending for address verification & KYC.
[2025-12-09 11:14:07] [INFO] User message: no
[2025-12-09 12:35:04] [INFO] Excel loaded successfully.
[2025-12-09 12:35:04] [INFO] Chatbot server started.
[2025-12-09 12:35:09] [INFO] User message: RGA
[2025-12-09 12:35:27] [INFO] User message: 159669271
[2025-12-09 12:35:27] [INFO] DEBUG STATUS2: 'this particular account is on hold - want of customer kyc'
[2025-12-09 12:35:27] [INFO] SOP Response: Pending for address verification & KYC.
[2025-12-09 12:35:41] [INFO] User message: yes
[2025-12-09 12:36:22] [INFO] User message: 31 indiranagar banglr 560012
[2025-12-09 12:37:24] [INFO] Address updated for Account 159669271: Plot No. / Door No. : 31, Street: indiranagar, Location: banglr, Pincode: 560012 | Updated on: 09-12-2025 12:36
[2025-12-09 14:43:29] [INFO] Excel loaded successfully.
[2025-12-09 14:43:29] [INFO] Chatbot server started.
[2025-12-09 14:43:35] [INFO] User message: RGA
[2025-12-09 14:48:06] [INFO] User message: 159667673
[2025-12-09 14:48:06] [INFO] DEBUG STATUS2: 'this account dispatched from warehouse'
[2025-12-09 14:48:06] [INFO] SOP Response: Account: 159667673<br>Refund Date: 2025-10-27<br>Invoice Created: 2025-12-02<br>Dispatched: 2025-12-03<br>Courier: SEQUEL<br>Docket: 0706598382<br>
[2025-12-09 15:08:22] [INFO] Excel loaded successfully.
[2025-12-09 15:08:22] [INFO] Chatbot server started.
[2025-12-09 15:08:31] [INFO] User message: RGA
[2025-12-09 15:09:27] [INFO] User message: 159670345
[2025-12-09 15:09:27] [INFO] DEBUG STATUS2: 'this particular account is on hold - want of customer kyc'
[2025-12-09 15:09:27] [INFO] SOP Response: Pending for address verification & KYC.
[2025-12-09 15:09:45] [INFO] User message: RGA
[2025-12-09 15:10:07] [INFO] User message: 159668083
[2025-12-09 15:10:12] [INFO] User message: RGA
[2025-12-09 15:10:15] [INFO] User message: 159668083
[2025-12-09 15:10:47] [INFO] Excel loaded successfully.
[2025-12-09 15:10:47] [INFO] Chatbot server started.
[2025-12-09 15:10:52] [INFO] User message: RGA
[2025-12-09 15:10:55] [INFO] User message: 159668083
[2025-12-09 15:10:55] [INFO] DEBUG STATUS2: 'its delivered to the customer'
[2025-12-09 15:10:55] [INFO] SOP Response: Account: 159668083<br>Status: its delivered to the customer<br>Refund Date: 2025-10-27<br>Invoice Created: 2025-11-07<br>Dispatch Date: 2025-11-07<br>Courier: SEQUEL<br>Docket: 706079918<br><a href="https://sequelglobal.com/" target="_blank">Track on Sequel</a>
[2025-12-09 15:18:03] [ERROR] Traceback (most recent call last):
  File "C:\Users\Sabihatameem\OneDrive - Titan Company Limited\Desktop\RGA\app.py", line 61, in load_excel
    DF["Account No"] = DF["Account No"].astype("int64")
                       ^^^^^^^^^^^^^^^^^^^^^^^^^^^^^^^^
  File "C:\Users\Sabihatameem\AppData\Roaming\Python\Python312\site-packages\pandas\core\generic.py", line 6665, in astype
    new_data = self._mgr.astype(dtype=dtype, copy=copy, errors=errors)
               ^^^^^^^^^^^^^^^^^^^^^^^^^^^^^^^^^^^^^^^^^^^^^^^^^^^^^^^
  File "C:\Users\Sabihatameem\AppData\Roaming\Python\Python312\site-packages\pandas\core\internals\managers.py", line 449, in astype
    return self.apply(
           ^^^^^^^^^^^
  File "C:\Users\Sabihatameem\AppData\Roaming\Python\Python312\site-packages\pandas\core\internals\managers.py", line 363, in apply
    applied = getattr(b, f)(**kwargs)
              ^^^^^^^^^^^^^^^^^^^^^^^
  File "C:\Users\Sabihatameem\AppData\Roaming\Python\Python312\site-packages\pandas\core\internals\blocks.py", line 784, in astype
    new_values = astype_array_safe(values, dtype, copy=copy, errors=errors)
                 ^^^^^^^^^^^^^^^^^^^^^^^^^^^^^^^^^^^^^^^^^^^^^^^^^^^^^^^^^^
  File "C:\Users\Sabihatameem\AppData\Roaming\Python\Python312\site-packages\pandas\core\dtypes\astype.py", line 237, in astype_array_safe
    new_values = astype_array(values, dtype, copy=copy)
                 ^^^^^^^^^^^^^^^^^^^^^^^^^^^^^^^^^^^^^^
  File "C:\Users\Sabihatameem\AppData\Roaming\Python\Python312\site-packages\pandas\core\dtypes\astype.py", line 182, in astype_array
    values = _astype_nansafe(values, dtype, copy=copy)
             ^^^^^^^^^^^^^^^^^^^^^^^^^^^^^^^^^^^^^^^^^
  File "C:\Users\Sabihatameem\AppData\Roaming\Python\Python312\site-packages\pandas\core\dtypes\astype.py", line 101, in _astype_nansafe
    return _astype_float_to_int_nansafe(arr, dtype, copy)
           ^^^^^^^^^^^^^^^^^^^^^^^^^^^^^^^^^^^^^^^^^^^^^^
  File "C:\Users\Sabihatameem\AppData\Roaming\Python\Python312\site-packages\pandas\core\dtypes\astype.py", line 145, in _astype_float_to_int_nansafe
    raise IntCastingNaNError(
pandas.errors.IntCastingNaNError: Cannot convert non-finite values (NA or inf) to integer

[2025-12-09 15:18:03] [INFO] Chatbot server started.
[2025-12-09 15:37:13] [INFO] Excel loaded successfully.
[2025-12-09 15:37:13] [INFO] Chatbot server started.
[2025-12-09 15:37:20] [INFO] User message: RGA
[2025-12-09 15:37:41] [INFO] User message: 159668083
[2025-12-09 15:37:41] [INFO] DEBUG STATUS2: 'its delivered to the customer'
[2025-12-09 15:37:41] [INFO] SOP Response: Account: 159668083<br>Status: its delivered to the customer<br>Refund Date: 2025-10-27<br>Invoice Created: 2025-11-07<br>Dispatch Date: 2025-11-07<br>Courier: SEQUEL<br>Docket: 706079918<br><a href="https://sequelglobal.com/" target="_blank">Track on Sequel</a>
[2025-12-09 15:38:48] [INFO] User message: RGA
[2025-12-09 15:38:51] [INFO] User message: 159670345
[2025-12-09 15:38:51] [INFO] DEBUG STATUS2: 'this particular account is on hold - want of customer kyc'
[2025-12-09 15:38:51] [INFO] SOP Response: Pending for address verification & KYC.
[2025-12-09 15:42:10] [INFO] User message: yes
[2025-12-09 15:42:27] [INFO] User message: RGA
[2025-12-09 15:42:34] [INFO] User message: 159666331
[2025-12-09 15:43:03] [INFO] Excel loaded successfully.
[2025-12-09 15:43:03] [INFO] Chatbot server started.
[2025-12-09 15:43:11] [INFO] User message: RGA
[2025-12-09 15:43:14] [INFO] User message: 159666331
[2025-12-09 15:43:14] [INFO] DEBUG STATUS2: 'its delivered to the customer'
[2025-12-09 15:43:14] [INFO] SOP Response: Account: 159666331<br>Status: its delivered to the customer<br>Refund Date: 2025-10-27<br>Invoice Created: 2025-11-08<br>Dispatch Date: 2025-11-08<br>Courier: SEQUEL<br>Docket: 705958036<br><a href="https://sequelglobal.com/" target="_blank">Track on Sequel</a>
[2025-12-11 09:18:22] [INFO] Excel loaded successfully.
[2025-12-11 09:18:22] [INFO] Chatbot server started.
[2025-12-11 11:11:24] [INFO] Excel loaded successfully.
[2025-12-11 11:11:24] [INFO] Chatbot server started.
[2025-12-11 11:11:29] [INFO] User message: RGA
[2025-12-11 11:13:17] [INFO] Excel loaded successfully.
[2025-12-11 11:13:17] [INFO] Chatbot server started.
[2025-12-11 11:13:25] [INFO] User message: RGA
[2025-12-11 11:13:32] [INFO] User message: ECOM
[2025-12-11 11:15:36] [INFO] Excel loaded successfully.
[2025-12-11 11:15:36] [INFO] Chatbot server started.
[2025-12-11 11:15:40] [INFO] User message: ecom
[2025-12-11 11:16:43] [INFO] Excel loaded successfully.
[2025-12-11 11:16:43] [INFO] Chatbot server started.
[2025-12-11 11:16:47] [INFO] User message: RGA
[2025-12-11 11:16:52] [INFO] User message: ECOM
[2025-12-11 11:17:09] [INFO] User message: RGA
[2025-12-11 11:18:32] [INFO] User message: RGA
[2025-12-11 11:18:39] [INFO] User message: ECOM
[2025-12-11 11:22:57] [INFO] User message: ECOM
[2025-12-11 11:23:18] [INFO] Excel loaded successfully.
[2025-12-11 11:23:18] [INFO] Chatbot server started.
[2025-12-11 11:24:43] [INFO] User message: RGA
[2025-12-11 11:24:53] [INFO] User message: ECOM
[2025-12-11 11:34:17] [INFO] Excel loaded successfully.
[2025-12-11 11:34:17] [INFO] Chatbot server started.
[2025-12-11 11:34:27] [INFO] User message: RGA
[2025-12-11 11:34:34] [INFO] User message: ECOM
[2025-12-11 11:43:52] [INFO] User message: RGA
[2025-12-11 11:44:45] [INFO] User message: ECOM
[2025-12-11 12:28:57] [INFO] Excel loaded successfully.
[2025-12-11 12:28:57] [INFO] Chatbot server started.
[2025-12-11 12:29:02] [INFO] User message: RGA
[2025-12-11 12:29:21] [INFO] User message: ECOM
[2025-12-11 12:31:30] [INFO] User message: ECOM
[2025-12-11 12:32:30] [INFO] Excel loaded successfully.
[2025-12-11 12:32:30] [INFO] Chatbot server started.
[2025-12-11 12:32:47] [INFO] User message: ECOM
[2025-12-11 12:34:04] [INFO] User message: ECOM
[2025-12-11 12:34:21] [INFO] User message: ECOM
[2025-12-11 12:34:53] [INFO] User message: RGA
[2025-12-11 12:35:36] [INFO] User message: RGA
[2025-12-11 12:35:43] [INFO] User message: ECOM
[2025-12-11 12:36:11] [INFO] User message: ECOM
[2025-12-11 12:36:28] [INFO] User message: ECOM
[2025-12-11 12:36:54] [INFO] User message: ECOM
[2025-12-11 12:37:17] [INFO] User message: ECOM
[2025-12-11 15:04:21] [INFO] User message: ECOM
[2025-12-11 15:05:08] [INFO] User message: RGA
[2025-12-11 15:05:14] [INFO] User message: ECOM
[2025-12-11 15:06:46] [INFO] User message: RGA
[2025-12-11 15:06:58] [INFO] User message: ECOM
[2025-12-11 15:10:56] [INFO] Excel loaded successfully.
[2025-12-11 15:10:56] [INFO] Chatbot server started.
[2025-12-11 15:11:01] [INFO] User message: RGA
[2025-12-11 15:28:52] [INFO] User message: RGA
[2025-12-11 15:32:29] [INFO] User message: RGA
[2025-12-11 15:32:54] [INFO] User message: ECOM
[2025-12-11 15:33:14] [INFO] User message: ECOM
[2025-12-11 15:33:24] [INFO] User message: ECOM
[2025-12-11 15:33:53] [INFO] User message: RGA
[2025-12-11 15:34:11] [INFO] User message: ECOM
[2025-12-11 15:35:36] [INFO] User message: ECOM
[2025-12-11 15:36:52] [INFO] User message: ECOM
[2025-12-11 15:38:06] [INFO] User message: ECOM
[2025-12-11 15:50:00] [INFO] User message: RGA
[2025-12-11 15:50:17] [INFO] User message: 153491267
[2025-12-11 15:50:17] [INFO] DEBUG STATUS2: 'its delivered to the customer'
[2025-12-11 15:50:17] [INFO] SOP Response: Account: 153491267<br>Status: its delivered to the customer<br>Refund Date: 2025-04-02<br>Invoice Created: 2025-04-22<br>Dispatch Date: 2025-04-22<br>Courier: BLUEDART<br>Docket: 88246260211<br><a href="https://bluedart.com/home" target="_blank">Track on Bluedart</a>
[2025-12-11 15:50:30] [INFO] User message: RGA
[2025-12-11 15:50:32] [INFO] User message: 153490116
[2025-12-11 15:50:32] [INFO] DEBUG STATUS2: 'its delivered to the customer'
[2025-12-11 15:50:32] [INFO] SOP Response: Account: 153490116<br>Status: its delivered to the customer<br>Refund Date: 2025-04-02<br>Invoice Created: 2025-04-22<br>Dispatch Date: 2025-04-22<br>Courier: BLUEDART<br>Docket: 88246260244<br><a href="https://bluedart.com/home" target="_blank">Track on Bluedart</a>
[2025-12-11 15:50:47] [INFO] User message: RGA
[2025-12-11 15:50:50] [INFO] User message: 150499426
[2025-12-11 15:50:50] [INFO] DEBUG STATUS2: 'unable to reach the customer'
[2025-12-11 15:50:50] [INFO] SOP Response: unable to reach the customer
[2025-12-11 15:51:07] [INFO] User message: RGA
[2025-12-11 15:51:10] [INFO] User message: 150281953
[2025-12-11 15:51:10] [INFO] DEBUG STATUS2: 'already redeemed at btq'
[2025-12-11 15:51:10] [INFO] SOP Response: Account: 150281953<br>Status: already redeemed at btq<br>Refund Date: 2024-11-29<br>Invoice Created: nan<br>Dispatch Date: NaT<br>Courier: nan<br>Docket: nan<br>
[2025-12-11 15:52:24] [INFO] User message: RGA
[2025-12-11 15:52:27] [INFO] User message: 152720177
[2025-12-11 15:52:27] [INFO] DEBUG STATUS2: 'unable to reach the customer'
[2025-12-11 15:52:27] [INFO] SOP Response: unable to reach the customer
[2025-12-11 15:52:38] [INFO] User message: RGA
[2025-12-11 15:52:42] [INFO] User message: 150625832
[2025-12-11 15:52:42] [INFO] DEBUG STATUS2: 'this account dispatched from warehouse'
[2025-12-11 15:52:42] [INFO] SOP Response: Account: 150625832<br>Refund Date: 2024-12-11<br>Invoice Created: 2025-01-20<br>Dispatched: 2025-01-20<br>Courier: BLUEDART<br>Docket: 88243906752<br><a href="https://bluedart.com/home" target="_blank">Track on Bluedart</a>
[2025-12-11 16:09:15] [INFO] User message: ECOM
[2025-12-11 16:23:21] [INFO] User message: ECOM
[2025-12-11 16:23:34] [INFO] User message: RGA
[2025-12-12 09:19:17] [INFO] Excel loaded successfully.
[2025-12-12 09:19:17] [INFO] Chatbot server started.
[2025-12-12 09:19:25] [INFO] User message: ECOM
[2025-12-12 09:19:30] [INFO] User message: RGA
[2025-12-12 10:35:24] [INFO] User message: RGA
[2025-12-12 10:35:32] [INFO] User message: ECOM
[2025-12-12 10:35:46] [INFO] User message: RGA
[2025-12-12 10:36:29] [INFO] User message: ECOM
[2025-12-12 10:37:42] [INFO] User message: RGA
[2025-12-12 10:37:48] [INFO] User message: ECOM
[2025-12-12 10:39:01] [INFO] User message: RGA
[2025-12-12 10:39:45] [INFO] User message: 160656628
[2025-12-12 10:39:45] [INFO] DEBUG STATUS2: 'invoice yet to prepare'
[2025-12-12 10:39:45] [INFO] SOP Response: Account: 160656628<br>Status: invoice yet to prepare<br>Refund Date: 2025-11-16<br>Invoice Created: nan<br>Dispatch Date: NaT<br>Courier: nan<br>Docket: nan<br>
[2025-12-12 10:40:20] [INFO] User message: RGA
[2025-12-12 10:40:41] [INFO] User message: 159799183
[2025-12-12 10:40:41] [INFO] DEBUG STATUS2: 'its delivered to the customer'
[2025-12-12 10:40:41] [INFO] SOP Response: Account: 159799183<br>Status: its delivered to the customer<br>Refund Date: 2025-10-27<br>Invoice Created: 2025-11-24<br>Dispatch Date: 2025-11-25<br>Courier: SEQUEL<br>Docket: 707369307<br><a href="https://sequelglobal.com/" target="_blank">Track on Sequel</a>
[2025-12-12 10:42:31] [INFO] User message: ECOM
[2025-12-12 10:42:35] [INFO] User message: RGA
[2025-12-12 10:42:53] [INFO] User message: 159795741
[2025-12-12 10:42:53] [INFO] DEBUG STATUS2: 'this particular account is on hold - want of customer kyc'
[2025-12-12 10:42:53] [INFO] SOP Response: Pending for address verification & KYC.
[2025-12-12 10:43:04] [INFO] User message: yes
[2025-12-12 10:43:14] [INFO] User message: 31 mg bgnhg 23456
[2025-12-12 10:43:40] [INFO] Address updated for Account 159795741: Plot/Door: 31, Street: mg, Location: bgnhg, Pincode: 23456 | Updated on: 12-12-2025 10:43
[2025-12-12 10:49:48] [INFO] User message: RGA
[2025-12-12 10:49:57] [INFO] User message: 159795741
[2025-12-12 10:49:57] [INFO] DEBUG STATUS2: 'this particular account is on hold - want of customer kyc'
[2025-12-12 10:49:57] [INFO] SOP Response: Pending for address verification & KYC.
[2025-12-12 10:49:58] [INFO] User message: yes
[2025-12-12 10:50:04] [INFO] User message: 345 23456 23456 234567
[2025-12-12 10:50:31] [INFO] Address updated for Account 159795741: Plot/Door: 345, Street: 23456, Location: 23456, Pincode: 234567 | Updated on: 12-12-2025 10:50
[2025-12-12 10:51:15] [INFO] User message: RGA
[2025-12-12 10:51:19] [INFO] User message: 159795741
[2025-12-12 10:51:19] [INFO] DEBUG STATUS2: 'this particular account is on hold - want of customer kyc'
[2025-12-12 10:51:19] [INFO] SOP Response: Pending for address verification & KYC.
[2025-12-12 10:51:20] [INFO] User message: yes
[2025-12-12 10:51:29] [INFO] User message: 😎
[2025-12-12 10:51:45] [INFO] User message: RGA
[2025-12-12 10:51:50] [INFO] User message: 159795741
[2025-12-12 10:51:50] [INFO] DEBUG STATUS2: 'this particular account is on hold - want of customer kyc'
[2025-12-12 10:51:50] [INFO] SOP Response: Pending for address verification & KYC.
[2025-12-12 10:51:51] [INFO] User message: yes
[2025-12-12 10:52:06] [INFO] User message: asdfghjkm asdfghj asdfgh 23456 🤣 #$%^
[2025-12-12 10:52:32] [INFO] Address updated for Account 159795741: Plot/Door: asdfghjkm, Street: asdfghj, Location: asdfgh, Pincode: 23456 | Updated on: 12-12-2025 10:52
[2025-12-12 10:53:36] [INFO] User message: ECOM
[2025-12-12 10:56:00] [INFO] User message: ECOM
[2025-12-15 09:14:09] [INFO] Excel loaded successfully.
[2025-12-15 09:14:09] [INFO] Chatbot server started.
[2025-12-15 09:16:55] [INFO] Excel loaded successfully.
[2025-12-15 09:16:55] [INFO] Chatbot server started.
[2025-12-15 09:16:58] [INFO] USER: ECOM
[2025-12-15 09:17:17] [INFO] USER: RGA
[2025-12-15 09:17:21] [INFO] USER: ECOM
[2025-12-15 09:29:25] [INFO] Excel loaded successfully.
[2025-12-15 09:29:25] [INFO] Chatbot server started.
[2025-12-15 09:34:56] [INFO] USER: ECOM
[2025-12-15 09:35:02] [INFO] USER: RGA
[2025-12-15 09:35:20] [INFO] USER: ECOM
[2025-12-15 09:35:26] [INFO] USER: RGA
[2025-12-15 09:37:35] [INFO] USER: RGA
[2025-12-15 09:38:23] [INFO] USER: ECOM
[2025-12-15 09:40:29] [INFO] USER: ECOM
[2025-12-15 09:40:34] [INFO] USER: RGA
[2025-12-15 09:40:38] [INFO] USER: ECOM
[2025-12-15 09:41:21] [INFO] USER: ECOM
[2025-12-15 09:41:26] [INFO] USER: RGA
[2025-12-15 09:41:30] [INFO] USER: ECOM
[2025-12-15 09:41:49] [INFO] USER: ECOM
[2025-12-15 09:41:57] [INFO] USER: RGA
[2025-12-15 09:42:03] [INFO] USER: ECOM
[2025-12-15 12:34:06] [ERROR] Traceback (most recent call last):
  File "C:\Users\Sabihatameem\OneDrive - Titan Company Limited\Desktop\RGA\app.py", line 65, in load_excel
    COL_ADDRESS_4, COL_Chatbot_PINCODE, COL_UPDATED_ON, COL_UPDATED_BY
                   ^^^^^^^^^^^^^^^^^^^
NameError: name 'COL_Chatbot_PINCODE' is not defined

[2025-12-15 12:34:06] [INFO] Chatbot server started.
[2025-12-15 12:36:16] [INFO] Excel loaded successfully.
[2025-12-15 12:36:16] [INFO] Chatbot server started.
[2025-12-15 12:36:25] [INFO] USER: RGA
[2025-12-15 12:36:39] [INFO] USER: 159669332
[2025-12-15 12:37:42] [INFO] USER: RGA
[2025-12-15 12:37:45] [INFO] USER: 159663446
[2025-12-15 12:38:59] [INFO] USER: yes
[2025-12-15 16:28:20] [INFO] Excel loaded successfully.
[2025-12-15 16:28:20] [INFO] Chatbot server started.
[2025-12-15 16:28:47] [INFO] USER: RGA
[2025-12-15 16:29:20] [INFO] USER: ECOM
[2025-12-15 16:34:21] [INFO] USER: RGA
[2025-12-15 16:34:36] [INFO] USER: ECOM
[2025-12-16 10:21:18] [INFO] Excel loaded successfully.
[2025-12-16 10:21:18] [INFO] Chatbot server started.
[2025-12-16 10:21:29] [INFO] USER: ECOM
[2025-12-16 10:21:39] [INFO] USER: RGA
[2025-12-16 10:35:42] [INFO] USER: RGA
[2025-12-16 10:37:39] [INFO] USER: RGA
[2025-12-16 11:02:11] [INFO] USER: RGA
[2025-12-16 11:02:24] [INFO] USER: asdfghjk
[2025-12-16 11:02:55] [INFO] USER: RGA
[2025-12-16 11:06:19] [INFO] USER: RGA
[2025-12-16 11:06:50] [INFO] USER: RGA
[2025-12-16 11:06:59] [INFO] USER: ECOM
[2025-12-16 11:07:14] [INFO] USER: RGA
[2025-12-16 11:07:32] [INFO] USER: ECOM
[2025-12-16 11:07:56] [INFO] USER: RGA
[2025-12-16 11:08:14] [INFO] USER: ECOM
[2025-12-16 11:08:24] [INFO] USER: RGA
[2025-12-16 12:06:50] [INFO] Excel loaded successfully
[2025-12-16 12:06:50] [INFO] Chatbot server started.
[2025-12-16 12:06:56] [INFO] USER: RGA
[2025-12-16 12:07:26] [INFO] USER: 156406930
[2025-12-16 12:08:51] [INFO] USER: RGA
[2025-12-16 12:10:44] [INFO] USER: 156168814
[2025-12-16 12:12:27] [INFO] USER: RGA
[2025-12-16 12:16:08] [INFO] USER: 156168814
[2025-12-16 12:16:34] [INFO] Excel loaded successfully
[2025-12-16 12:16:34] [INFO] Chatbot server started.
[2025-12-16 12:16:42] [INFO] USER: RGA
[2025-12-16 12:16:44] [INFO] USER: 156168814
[2025-12-16 12:18:36] [INFO] USER: RGA
[2025-12-16 12:18:39] [INFO] USER: 158620334
[2025-12-16 12:18:42] [INFO] USER: yes
[2025-12-16 12:18:55] [INFO] USER: 321 gfd
[2025-12-16 12:19:11] [INFO] USER: Bangalore
[2025-12-16 12:19:17] [INFO] USER: karnataka
[2025-12-16 12:19:24] [INFO] USER: 234567
[2025-12-16 12:19:31] [INFO] USER: 567789
[2025-12-16 12:20:32] [INFO] USER: 222222 bhu
[2025-12-16 12:20:38] [INFO] USER: RGA
[2025-12-16 12:20:41] [INFO] USER: 158620334
[2025-12-16 12:20:43] [INFO] USER: yes
[2025-12-16 12:20:49] [INFO] USER: 4567
[2025-12-16 12:20:54] [INFO] USER: bangalore
[2025-12-16 12:20:57] [INFO] USER: kar
[2025-12-16 12:21:01] [INFO] USER: 560019
[2025-12-16 12:25:39] [INFO] USER: RGA
[2025-12-16 12:25:55] [INFO] USER: 156168814
[2025-12-16 12:30:44] [INFO] Excel loaded successfully.
[2025-12-16 12:30:44] [INFO] Chatbot server started.
[2025-12-16 12:30:50] [INFO] User message: RGA
[2025-12-16 12:31:14] [INFO] User message: 158620334
[2025-12-16 12:31:15] [INFO] DEBUG STATUS2: 'Account is on hold - Want of KYC'
[2025-12-16 12:31:15] [INFO] SOP Response: Pending for address verification & KYC.
[2025-12-16 12:31:17] [INFO] User message: yes
[2025-12-16 12:31:28] [INFO] User message: 456 abcd
[2025-12-16 12:31:34] [INFO] User message: mg road
[2025-12-16 12:31:39] [INFO] User message: bangalore
[2025-12-16 12:31:46] [INFO] User message: Karnataka
[2025-12-16 12:31:51] [INFO] User message: 560024
[2025-12-16 12:32:07] [INFO] Address updated for Account 158620334: Plot/Door: 456 abcd, Street: mg road, Location: bangalore, State: Karnataka, Pincode: 560024 | Updated on: 16-12-2025 12:31
[2025-12-16 12:34:59] [INFO] Excel loaded successfully.
[2025-12-16 12:34:59] [INFO] Chatbot server started.
[2025-12-16 12:35:04] [INFO] User message: RGA
[2025-12-16 12:35:20] [INFO] User message: 158620334
[2025-12-16 12:35:20] [INFO] DEBUG STATUS2: 'Account is on hold - Want of KYC'
[2025-12-16 12:35:20] [INFO] SOP Response: Pending for address verification & KYC.
[2025-12-16 12:35:21] [INFO] User message: yes
[2025-12-16 12:35:26] [INFO] User message: 34 fgh
[2025-12-16 12:35:31] [INFO] User message: rtyuiodfghj
[2025-12-16 12:35:36] [INFO] User message: sdfghjkl
[2025-12-16 12:35:39] [INFO] User message: zxcvbnm
[2025-12-16 12:35:43] [INFO] User message: 2345678
[2025-12-16 12:35:50] [INFO] User message: 546678
[2025-12-16 12:36:11] [INFO] Address updated for Account 158620334: Plot/Door: 34 fgh, Street: rtyuiodfghj, Location: sdfghjkl, State: zxcvbnm, Pincode: 546678 | Updated on: 16-12-2025 12:35
[2025-12-16 12:37:38] [INFO] User message: RGA
[2025-12-16 12:37:41] [INFO] User message: 158620334
[2025-12-16 12:37:41] [INFO] DEBUG STATUS2: 'Account is on hold - Want of KYC'
[2025-12-16 12:37:41] [INFO] SOP Response: Pending for address verification & KYC.
[2025-12-16 12:37:43] [INFO] User message: yes
[2025-12-16 12:37:49] [INFO] User message: 😊
[2025-12-16 12:37:54] [INFO] User message: 7654e32jhgfds
[2025-12-16 12:38:01] [INFO] User message: @#$%^&*(
[2025-12-16 12:38:05] [INFO] User message: uytgfrd
[2025-12-16 12:38:15] [INFO] User message: 😂😎 @#$%^&
[2025-12-16 12:38:19] [INFO] User message: asdfghjkl
[2025-12-16 12:38:23] [INFO] User message: 23456789
[2025-12-16 12:54:14] [INFO] User message: RGA
[2025-12-16 12:54:18] [INFO] User message: 158620334
[2025-12-16 12:57:58] [INFO] User message: RGA
[2025-12-16 12:58:01] [INFO] User message: 158620334
[2025-12-16 12:58:45] [INFO] User message: RGA
[2025-12-16 12:58:48] [INFO] User message: 158619321
[2025-12-16 12:59:21] [INFO] Excel loaded successfully
[2025-12-16 12:59:21] [INFO] Chatbot server started.
[2025-12-16 12:59:28] [INFO] USER: RGA
[2025-12-16 12:59:31] [INFO] USER: 158619321
[2025-12-16 13:00:05] [INFO] USER: RGA
[2025-12-16 13:00:08] [INFO] USER: 158620334
[2025-12-16 13:00:10] [INFO] USER: yes
[2025-12-16 13:00:28] [INFO] USER: 😂😎
[2025-12-16 13:00:33] [INFO] USER: @#$%^&
[2025-12-16 13:00:51] [INFO] USER: 23456 asdfgh
[2025-12-16 13:00:55] [INFO] USER: asdfghj
[2025-12-16 13:01:01] [INFO] USER: >!@#$%^
[2025-12-16 13:01:15] [INFO] USER: 😎😎😎😎
[2025-12-16 13:01:19] [INFO] USER: qawsedrtyuil
[2025-12-16 13:01:24] [INFO] USER: 234567
[2025-12-16 13:01:31] [INFO] USER: 56778
[2025-12-16 13:01:38] [INFO] USER: 560012
[2025-12-16 14:35:25] [INFO] Excel loaded successfully.
[2025-12-16 14:35:25] [INFO] Chatbot server started.
[2025-12-16 14:35:34] [INFO] User message: RGA
[2025-12-16 14:35:59] [INFO] User message: 158642398
[2025-12-16 14:35:59] [INFO] SOP Response: Account: 158642398<br>Status: Unable to reach, due to incorrect address
[2025-12-16 14:37:10] [INFO] User message: RGA
[2025-12-16 14:37:23] [INFO] User message: 158620334
[2025-12-16 14:37:23] [INFO] SOP Response: Account: 158620334<br>Status: Account is on hold - Want of KYC
[2025-12-16 14:37:24] [INFO] User message: yes
[2025-12-16 14:37:27] [INFO] User message: 1234
[2025-12-16 14:37:31] [INFO] User message: oiuytreswasdcfvbnm
[2025-12-16 14:37:34] [INFO] User message: jhgfdsadfghjk
[2025-12-16 14:37:38] [INFO] User message: iuytrewaqASDFG
[2025-12-16 14:37:47] [INFO] User message: 564474
[2025-12-16 14:38:12] [INFO] Address updated for Account 158620334: Plot/Door: 1234, Street: oiuytreswasdcfvbnm, Location: jhgfdsadfghjk, State: iuytrewaqASDFG, Pincode: 564474 | Updated on: 16-12-2025 14:37
[2025-12-16 14:40:40] [INFO] User message: RGA
[2025-12-16 14:41:29] [INFO] User message: 158624790
[2025-12-16 14:41:29] [INFO] SOP Response: Account: 158624790<br>Status: Account is on hold - Want of KYC
[2025-12-16 14:41:36] [INFO] User message: yes
[2025-12-16 14:41:40] [INFO] User message: 456
[2025-12-16 14:42:31] [INFO] User message: dfghjk
[2025-12-16 14:42:34] [INFO] User message: wertyuio
[2025-12-16 14:42:41] [INFO] User message: kmnbvc
[2025-12-16 14:42:45] [INFO] User message: 3456
[2025-12-16 14:42:58] [INFO] User message: 567786
[2025-12-16 14:43:20] [INFO] Address updated for Account 158624790: Plot/Door: 456, Street: dfghjk, Location: wertyuio, State: kmnbvc, Pincode: 567786 | Updated on: 16-12-2025 14:42
[2025-12-16 14:59:38] [INFO] User message: RGA
[2025-12-16 14:59:52] [INFO] User message: 158642398
[2025-12-16 14:59:52] [INFO] SOP Response: Account: 158642398<br>Status: Unable to reach, due to incorrect address
[2025-12-16 15:00:10] [INFO] User message: RGA
[2025-12-16 15:00:14] [INFO] User message: 158624790
[2025-12-16 15:00:14] [INFO] SOP Response: Account: 158624790<br>Status: Account is on hold - Want of KYC
[2025-12-16 15:00:16] [INFO] User message: yes
[2025-12-16 15:00:20] [INFO] User message: asdfghjkl
[2025-12-16 15:00:28] [INFO] User message: uygfghjhnbn
[2025-12-16 15:01:28] [INFO] Excel loaded successfully.
[2025-12-16 15:01:28] [INFO] Chatbot server started.
[2025-12-16 15:01:33] [INFO] User message: RGA
[2025-12-16 15:01:37] [INFO] User message: 158624790
[2025-12-16 15:01:37] [INFO] SOP Response: Account: 158624790<br>Status: Account is on hold - Want of KYC
[2025-12-16 15:01:38] [INFO] User message: yes
[2025-12-16 15:01:43] [INFO] User message: tgbmn,,mhfd
[2025-12-16 15:01:49] [INFO] User message: sdfghjklkjhg
[2025-12-16 15:01:56] [INFO] User message: 234
[2025-12-16 15:03:04] [INFO] User message: RGA
[2025-12-16 15:03:07] [INFO] User message: 158624790
[2025-12-16 15:03:20] [INFO] User message: RGA
[2025-12-16 15:03:23] [INFO] User message: 158624790
[2025-12-16 15:03:51] [INFO] Excel loaded successfully.
[2025-12-16 15:03:51] [INFO] Chatbot server started.
[2025-12-16 15:03:57] [INFO] User message: RGA
[2025-12-16 15:04:01] [INFO] User message: 158624790
[2025-12-16 15:04:01] [INFO] SOP Response: Account: 158624790<br>Status: Account is on hold - Want of KYC
[2025-12-16 15:04:02] [INFO] User message: yes
[2025-12-16 15:04:12] [INFO] User message: 4567plot
[2025-12-16 15:04:18] [INFO] User message: iniii
[2025-12-16 15:04:27] [INFO] User message: indiranagar
[2025-12-16 15:04:36] [INFO] User message: indira nagar
[2025-12-16 15:04:44] [INFO] User message: bangalooor
[2025-12-16 15:04:50] [INFO] User message: bangalore
[2025-12-16 15:05:08] [INFO] User message: mg road
[2025-12-16 15:05:14] [INFO] User message: bangalore
[2025-12-16 15:05:21] [INFO] User message: chennai
[2025-12-16 15:05:26] [INFO] User message: Chennai
[2025-12-16 15:05:35] [INFO] User message: karnataka
[2025-12-16 15:05:56] [INFO] User message: Tamil Nadu
[2025-12-16 15:06:03] [INFO] User message: 650019
[2025-12-16 15:06:35] [INFO] Address updated for Account 158624790
[2025-12-16 15:08:59] [INFO] Excel loaded successfully.
[2025-12-16 15:08:59] [INFO] Chatbot server started.
[2025-12-16 15:09:05] [INFO] User message: RGA
[2025-12-16 15:09:17] [INFO] User message: 158624790
[2025-12-16 15:09:17] [INFO] SOP Response: Account: 158624790<br>Status: Account is on hold - Want of KYC
[2025-12-16 15:09:19] [INFO] User message: yes
[2025-12-16 15:09:26] [INFO] User message: 786
[2025-12-16 15:09:34] [INFO] User message: block 2
[2025-12-16 15:09:41] [INFO] User message: pai layout
[2025-12-16 15:09:53] [INFO] User message: 😎😎
[2025-12-16 15:10:01] [INFO] User message: @#$%
[2025-12-16 15:10:14] [INFO] User message: bangalore
[2025-12-16 15:20:40] [INFO] User message: RGA
[2025-12-16 15:20:43] [INFO] User message: 158624790
[2025-12-16 15:21:21] [INFO] Excel loaded successfully.
[2025-12-16 15:21:21] [INFO] Chatbot server started.
[2025-12-16 15:21:27] [INFO] User message: RGA
[2025-12-16 15:21:31] [INFO] User message: 158624790
[2025-12-16 15:21:31] [INFO] BOT Response: Account: 158624790<br>Status: Account is on hold - Want of KYC
[2025-12-16 15:21:32] [INFO] User message: yes
[2025-12-16 15:21:39] [INFO] User message: door 25
[2025-12-16 15:21:52] [INFO] User message: westside
[2025-12-16 15:21:58] [INFO] User message: westas
[2025-12-16 15:22:07] [INFO] User message: udaynagar
[2025-12-16 15:22:12] [INFO] User message: uday nagar
[2025-12-16 15:22:17] [INFO] User message: chennai
[2025-12-16 15:22:23] [INFO] User message: Chennai
[2025-12-16 15:24:55] [INFO] Excel loaded successfully.
[2025-12-16 15:24:55] [INFO] Chatbot server started.
[2025-12-16 15:24:59] [INFO] User message: RGA
[2025-12-16 15:25:31] [INFO] User message: 158513896
[2025-12-16 15:25:31] [INFO] BOT Response: Account: 158513896<br>Status: Account is on hold - Want of KYC
[2025-12-16 15:25:39] [INFO] User message: yes
[2025-12-16 15:25:53] [INFO] User message: asdfghjkl
[2025-12-16 15:26:00] [INFO] User message: 😊😊😊
[2025-12-16 15:26:06] [INFO] User message: @#$%^&*
[2025-12-16 15:26:31] [INFO] User message: RGA
[2025-12-16 15:29:36] [INFO] User message: 158624790
[2025-12-16 15:30:24] [INFO] Excel loaded successfully.
[2025-12-16 15:30:24] [INFO] Chatbot server started.
[2025-12-16 15:30:38] [INFO] User message: RGA
[2025-12-16 15:30:41] [INFO] User message: 158637349
[2025-12-16 15:30:41] [INFO] BOT Response: Account: 158637349<br>Status: Account is on hold - Want of KYC
[2025-12-16 15:30:42] [INFO] User message: yes
[2025-12-16 15:30:51] [INFO] User message: block 2
[2025-12-16 15:30:57] [INFO] User message: uday angar
[2025-12-16 15:31:03] [INFO] User message: hyderbad
[2025-12-16 15:34:56] [INFO] User message: hyder bad
[2025-12-16 15:35:05] [INFO] User message: karnataka
[2025-12-16 15:35:14] [INFO] User message: karna taka
[2025-12-16 15:37:26] [INFO] User message: 123456
[2025-12-16 15:38:56] [INFO] Address updated for Account 158637349
[2025-12-16 15:44:37] [INFO] User message: RGA
[2025-12-16 15:44:40] [INFO] User message: 150625832
[2025-12-16 15:44:40] [ERROR] Traceback (most recent call last):
  File "C:\Users\Sabihatameem\OneDrive - Titan Company Limited\Desktop\RGA\app.py", line 273, in chatbot
    sop = build_sop(row)
          ^^^^^^^^^^^^^^
  File "C:\Users\Sabihatameem\OneDrive - Titan Company Limited\Desktop\RGA\app.py", line 118, in build_sop
    f"{get_link(logistics)}"
       ^^^^^^^^
NameError: name 'get_link' is not defined

[2025-12-16 15:45:50] [INFO] User message: RGA
[2025-12-16 15:45:53] [INFO] User message: 150625832
[2025-12-16 15:45:53] [ERROR] Traceback (most recent call last):
  File "C:\Users\Sabihatameem\OneDrive - Titan Company Limited\Desktop\RGA\app.py", line 273, in chatbot
    sop = build_sop(row)
          ^^^^^^^^^^^^^^
  File "C:\Users\Sabihatameem\OneDrive - Titan Company Limited\Desktop\RGA\app.py", line 118, in build_sop
    f"{get_link(name)}"
       ^^^^^^^^
NameError: name 'get_link' is not defined

[2025-12-16 15:49:21] [INFO] User message: RGA
[2025-12-16 15:49:24] [INFO] User message: 150625832
[2025-12-16 15:49:24] [ERROR] Traceback (most recent call last):
  File "C:\Users\Sabihatameem\OneDrive - Titan Company Limited\Desktop\RGA\app.py", line 273, in chatbot
    sop = build_sop(row)
          ^^^^^^^^^^^^^^
  File "C:\Users\Sabihatameem\OneDrive - Titan Company Limited\Desktop\RGA\app.py", line 118, in build_sop
    f"{courier_link(logistics)}"
       ^^^^^^^^
NameError: name 'get_link' is not defined

[2025-12-16 15:50:22] [INFO] User message: RGA
[2025-12-16 15:50:26] [INFO] User message: 150625832
[2025-12-16 15:50:26] [ERROR] Traceback (most recent call last):
  File "C:\Users\Sabihatameem\OneDrive - Titan Company Limited\Desktop\RGA\app.py", line 273, in chatbot
    sop = build_sop(row)
          ^^^^^^^^^^^^^^
  File "C:\Users\Sabihatameem\OneDrive - Titan Company Limited\Desktop\RGA\app.py", line 118, in build_sop
    f"{get_link(logistics)}"
       ^^^^^^^^
NameError: name 'get_link' is not defined

[2025-12-17 15:21:37] [INFO] Excel loaded successfully.
[2025-12-17 15:21:37] [INFO] Chatbot server started.
[2025-12-17 15:21:43] [INFO] User message: RGA
[2025-12-17 15:22:51] [INFO] User message: 158513896
[2025-12-17 15:22:51] [INFO] BOT Response: Account: 158513896<br>Status: Account is on hold - Want of KYC
[2025-12-17 15:22:53] [INFO] User message: yes
[2025-12-17 15:23:02] [INFO] User message: plot 3
[2025-12-17 15:23:13] [INFO] User message: udaynagar
[2025-12-17 15:23:18] [INFO] User message: bangalore
[2025-12-17 15:23:25] [INFO] User message: karnataka
[2025-12-17 15:23:34] [INFO] User message: 009988
[2025-12-17 15:23:56] [INFO] Address updated for Account 158513896
[2025-12-18 10:32:49] [INFO] Excel loaded successfully.
[2025-12-18 10:32:49] [INFO] Chatbot server started.
[2025-12-18 10:32:57] [INFO] User message: RGA
[2025-12-18 10:33:46] [INFO] User message: 158620334
[2025-12-18 10:33:46] [INFO] SOP Response: Account: 158620334<br>Status: Account is on hold - Want of KYC
[2025-12-18 10:33:48] [INFO] User message: yes
[2025-12-18 10:34:04] [INFO] User message: block 2, door 23
[2025-12-18 10:34:15] [INFO] User message: block 2 door 23
[2025-12-18 10:34:29] [INFO] User message: indiranagar
[2025-12-18 10:34:33] [INFO] User message: bangalore
[2025-12-18 10:34:40] [INFO] User message: 098765
[2025-12-18 10:34:49] [INFO] User message: karnataka
[2025-12-18 10:34:53] [INFO] User message: 8797096
[2025-12-18 10:34:58] [INFO] User message: 009900
[2025-12-18 10:35:14] [INFO] User message: 560012
[2025-12-18 10:36:07] [INFO] User message: 1234567890op
[2025-12-18 10:36:12] [INFO] User message: 560016
[2025-12-18 10:39:57] [INFO] Excel loaded successfully.
[2025-12-18 10:39:57] [INFO] Chatbot server started.
[2025-12-18 10:40:08] [INFO] User message: RGA
[2025-12-18 10:41:08] [INFO] User message: 159947812
[2025-12-18 10:41:08] [INFO] SOP Response: Account: 159947812<br>Status: Account is on hold - Want of KYC
[2025-12-18 10:41:09] [INFO] User message: yes
[2025-12-18 10:41:17] [INFO] User message: plot 2 sector 4
[2025-12-18 10:41:40] [INFO] User message: anitha nilayam chandapura
[2025-12-18 10:41:44] [INFO] User message: hosur
[2025-12-18 10:41:49] [INFO] User message: karnataka
[2025-12-18 10:41:59] [INFO] User message: 560099
[2025-12-18 11:40:06] [INFO] User message: RGA
[2025-12-18 11:40:10] [INFO] User message: 159947812
[2025-12-18 11:40:15] [INFO] User message: RGA
[2025-12-18 11:40:17] [INFO] User message: 159947812
[2025-12-18 11:40:50] [INFO] Excel loaded successfully.
[2025-12-18 11:40:50] [INFO] Chatbot server started.
[2025-12-18 11:40:56] [INFO] User message: RGA
[2025-12-18 11:41:00] [INFO] User message: 159947812
[2025-12-18 11:41:00] [INFO] SOP Response: Account: 159947812<br>Status: Account is on hold - Want of KYC
[2025-12-18 11:41:01] [INFO] User message: yes
[2025-12-18 11:41:11] [INFO] User message: door 2341
[2025-12-18 11:41:28] [INFO] User message: anitha nilayam chandapura
[2025-12-18 11:41:35] [INFO] User message: bangalore
[2025-12-18 11:41:41] [INFO] User message: karnataka
[2025-12-18 11:41:49] [INFO] User message: 560099
[2025-12-18 11:41:54] [ERROR] Pincode API timeout
[2025-12-18 11:42:49] [INFO] User message: RGA
[2025-12-18 11:42:52] [INFO] User message: 159947812
[2025-12-18 11:43:38] [INFO] Excel loaded successfully.
[2025-12-18 11:43:38] [INFO] Chatbot server started.
[2025-12-18 11:44:45] [INFO] User message: RGA
[2025-12-18 11:46:52] [INFO] User message: 159947812
[2025-12-18 11:46:52] [INFO] SOP Response: Account: 159947812<br>Status: Account is on hold - Want of KYC
[2025-12-18 11:46:53] [INFO] User message: yes
[2025-12-18 11:46:58] [INFO] User message: door 345
[2025-12-18 11:47:06] [INFO] User message: chandapura
[2025-12-18 11:47:12] [INFO] User message: hosur
[2025-12-18 11:47:17] [INFO] User message: karnataka
[2025-12-18 11:47:21] [INFO] User message: 560099
[2025-12-18 11:47:31] [ERROR] Pincode API timeout
[2025-12-18 12:00:13] [INFO] Excel loaded successfully.
[2025-12-18 12:00:13] [INFO] Chatbot server started.
[2025-12-18 12:00:19] [INFO] User message: RGA
[2025-12-18 12:00:24] [INFO] User message: 159947812
[2025-12-18 12:00:24] [INFO] SOP Response: Account: 159947812<br>Status: Account is on hold - Want of KYC
[2025-12-18 12:00:25] [INFO] User message: yes
[2025-12-18 12:00:30] [INFO] User message: 456
[2025-12-18 12:00:42] [INFO] User message: mg road
[2025-12-18 12:00:48] [INFO] User message: chennai
[2025-12-18 12:00:54] [INFO] User message: tamil nadu
[2025-12-18 12:01:05] [INFO] User message: 650088
[2025-12-18 12:01:15] [ERROR] Pincode API timeout — network blocked
[2025-12-18 12:02:03] [INFO] Address updated for Account 159947812
[2025-12-18 12:21:13] [INFO] Excel loaded successfully.
[2025-12-18 12:21:13] [INFO] Chatbot server started.
[2025-12-18 12:21:18] [INFO] User message: RGA
[2025-12-18 12:21:22] [INFO] User message: 159947812
[2025-12-18 12:21:22] [INFO] SOP Response: Account: 159947812<br>Status: Account is on hold - Want of KYC
[2025-12-18 12:21:23] [INFO] User message: yes
[2025-12-18 12:21:27] [INFO] User message: 3456
[2025-12-18 12:21:36] [INFO] User message: hosur
[2025-12-18 12:21:41] [INFO] User message: hosur
[2025-12-18 12:21:48] [INFO] User message: karnataka
[2025-12-18 12:21:52] [INFO] User message: 560099
[2025-12-18 12:21:56] [ERROR] Pincode API blocked by firewall
[2025-12-18 12:22:54] [INFO] Address updated for Account 159947812
[2025-12-18 14:19:42] [INFO] Main Excel loaded successfully.
[2025-12-18 14:32:36] [INFO] Excel loaded successfully.
[2025-12-18 14:38:41] [INFO] Main Excel loaded successfully.
[2025-12-18 14:38:41] [INFO] Pincode CSV loaded successfully.
[2025-12-18 14:38:41] [INFO] Chatbot server started.
[2025-12-18 14:38:51] [INFO] User message: RGA
[2025-12-18 14:39:55] [INFO] User message: 159620289
[2025-12-18 14:39:55] [INFO] SOP Response: Account: 159620289<br>Status: Account is on hold - Want of KYC
[2025-12-18 14:39:57] [INFO] User message: yes
[2025-12-18 14:40:06] [INFO] User message: 9870
[2025-12-18 14:40:20] [INFO] User message: ramurthy nagar
[2025-12-18 14:40:25] [INFO] User message: bangalore
[2025-12-18 14:40:29] [INFO] User message: karnataka
[2025-12-18 14:40:33] [INFO] User message: 560016
[2025-12-18 14:42:17] [INFO] User message: RGA
[2025-12-18 14:42:20] [INFO] User message: 159620289
[2025-12-18 14:42:26] [INFO] User message: RGA
[2025-12-18 14:42:28] [INFO] User message: 159620289
[2025-12-18 14:43:01] [INFO] Main Excel loaded successfully.
[2025-12-18 14:43:02] [INFO] Pincode CSV loaded successfully.
[2025-12-18 14:43:02] [INFO] Chatbot server started.
[2025-12-18 14:43:11] [INFO] User message: RGA
[2025-12-18 14:43:13] [INFO] User message: 159620289
[2025-12-18 14:43:13] [INFO] SOP Response: Account: 159620289<br>Status: Account is on hold - Want of KYC
[2025-12-18 14:43:15] [INFO] User message: yes
[2025-12-18 14:43:18] [INFO] User message: 76543
[2025-12-18 14:43:30] [INFO] User message: Ramamurthy Nagar
[2025-12-18 14:43:35] [INFO] User message: bangalore
[2025-12-18 14:43:38] [INFO] User message: karnataka
[2025-12-18 14:43:42] [INFO] User message: 560016
[2025-12-18 14:43:52] [INFO] User message: Ramamurthy Nagar S.O
[2025-12-18 14:44:35] [INFO] Main Excel loaded successfully.
[2025-12-18 14:44:35] [INFO] Pincode CSV loaded successfully.
[2025-12-18 14:44:35] [INFO] Chatbot server started.
[2025-12-18 14:44:42] [INFO] User message: RGA
[2025-12-18 14:44:59] [INFO] User message: 159620289
[2025-12-18 15:05:09] [INFO] Main Excel loaded successfully.
[2025-12-18 15:05:10] [INFO] Pincode CSV loaded successfully.
[2025-12-18 15:05:10] [INFO] Chatbot server started.
[2025-12-18 15:05:20] [INFO] User message: RGA
[2025-12-18 15:05:25] [INFO] User message: 159620289
[2025-12-18 15:05:25] [INFO] SOP Response: Account: 159620289<br>Status: Account is on hold - Want of KYC
[2025-12-18 15:05:28] [INFO] User message: yes
[2025-12-18 15:05:35] [INFO] User message: 45678 sector
[2025-12-18 15:05:41] [INFO] User message: Ramamurthy Nagar S.O
[2025-12-18 15:05:48] [INFO] User message: Ramamurthy Nagar S O
[2025-12-18 15:05:53] [INFO] User message: bangalore
[2025-12-18 15:05:57] [INFO] User message: karnataka
[2025-12-18 15:06:00] [INFO] User message: 560016
[2025-12-18 15:09:33] [INFO] Main Excel loaded successfully.
[2025-12-18 15:09:34] [INFO] Pincode CSV loaded successfully.
[2025-12-18 15:09:34] [INFO] Chatbot server started.
[2025-12-18 15:10:03] [INFO] User message: RGA
[2025-12-18 15:10:25] [INFO] User message: 159620289
[2025-12-18 15:10:25] [INFO] SOP Response: Account: 159620289<br>Status: Account is on hold - Want of KYC
[2025-12-18 15:10:27] [INFO] User message: yes
[2025-12-18 15:10:35] [INFO] User message: door 567
[2025-12-18 15:10:50] [INFO] User message: Devanagundi
[2025-12-18 15:10:57] [INFO] User message: bengaluru
[2025-12-18 15:11:02] [INFO] User message: karnataka
[2025-12-18 15:11:17] [INFO] User message: 560117
[2025-12-18 15:12:47] [INFO] User message: 560117
[2025-12-18 15:13:18] [INFO] Main Excel loaded successfully.
[2025-12-18 15:13:19] [INFO] Pincode CSV loaded successfully.
[2025-12-18 15:13:19] [INFO] Chatbot server started.
[2025-12-18 15:13:24] [INFO] User message: RGA
[2025-12-18 15:13:33] [INFO] User message: 159620289
[2025-12-18 15:13:33] [INFO] SOP Response: Account: 159620289<br>Status: Account is on hold - Want of KYC
[2025-12-18 15:13:35] [INFO] User message: yes
[2025-12-18 15:13:39] [INFO] User message: door 4
[2025-12-18 15:13:55] [INFO] User message: Devanagundi
[2025-12-18 15:14:30] [INFO] User message: Bengaluru
[2025-12-18 15:15:14] [INFO] User message: Karnataka
[2025-12-18 15:15:21] [INFO] User message: 560117
[2025-12-18 15:17:30] [INFO] Main Excel loaded successfully.
[2025-12-18 15:17:30] [INFO] Pincode CSV loaded successfully.
[2025-12-18 15:17:30] [INFO] Chatbot server started.
[2025-12-18 15:17:35] [INFO] User message: RGA
[2025-12-18 15:17:58] [INFO] User message: 159620289
[2025-12-18 15:17:58] [INFO] SOP Response: Account: 159620289<br>Status: Account is on hold - Want of KYC
[2025-12-18 15:18:00] [INFO] User message: yes
[2025-12-18 15:18:04] [INFO] User message: 5432
[2025-12-18 15:19:07] [INFO] User message: mg road
[2025-12-18 15:19:20] [INFO] User message: Hyderabad
[2025-12-18 15:19:28] [INFO] User message: Telangana
[2025-12-18 15:19:42] [INFO] User message: 504296
[2025-12-18 15:19:47] [INFO] User message: RGA
[2025-12-18 15:19:54] [INFO] User message: 159620289
[2025-12-18 15:20:24] [INFO] Main Excel loaded successfully.
[2025-12-18 15:20:25] [INFO] Pincode CSV loaded successfully.
[2025-12-18 15:20:25] [INFO] Chatbot server started.
[2025-12-18 15:20:29] [INFO] User message: RGA
[2025-12-18 15:20:38] [INFO] User message: 159620289
[2025-12-18 15:20:38] [INFO] SOP Response: Account: 159620289<br>Status: Account is on hold - Want of KYC
[2025-12-18 15:20:40] [INFO] User message: yes
[2025-12-18 15:20:43] [INFO] User message: 543
[2025-12-18 15:20:59] [INFO] User message: Kothimir
[2025-12-18 15:21:07] [INFO] User message: Hyderabad
[2025-12-18 15:21:16] [INFO] User message: Telangana
[2025-12-18 15:21:24] [INFO] User message: 504273
[2025-12-18 15:24:09] [INFO] Excel loaded successfully.
[2025-12-18 16:07:42] [INFO] Main Excel loaded successfully.
[2025-12-18 16:07:43] [INFO] Pincode CSV loaded successfully.
[2025-12-18 16:07:43] [INFO] Chatbot server started.
[2025-12-18 16:08:38] [INFO] User message: RGA
[2025-12-18 16:08:52] [INFO] User message: 159620289
[2025-12-18 16:25:32] [INFO] Main Excel loaded successfully.
[2025-12-18 16:25:33] [INFO] Pincode CSV loaded successfully.
[2025-12-18 16:25:33] [INFO] Chatbot server started.
[2025-12-18 16:26:23] [INFO] User message: RGA
[2025-12-18 16:26:34] [INFO] User message: 159620289
[2025-12-19 09:17:38] [INFO] Excel loaded successfully.
[2025-12-19 09:17:38] [INFO] Pincode CSV loaded successfully.
[2025-12-19 09:17:38] [INFO] Chatbot server started.
[2025-12-19 09:17:44] [INFO] User message: RGA
[2025-12-19 09:17:54] [INFO] User message: 159620289
[2025-12-19 09:17:54] [INFO] SOP Response: Account: 159620289<br>Status: Account is on hold - Want of KYC
[2025-12-19 09:17:56] [INFO] User message: yes
[2025-12-19 09:18:01] [INFO] User message: 345678
[2025-12-19 09:18:24] [INFO] User message: Vempalli
[2025-12-19 09:18:35] [INFO] User message: Vempalli
[2025-12-19 09:18:53] [INFO] User message: Kothimir
[2025-12-19 09:19:43] [INFO] User message: pai layout
[2025-12-19 09:19:54] [INFO] User message: Hyderabad
[2025-12-19 09:20:01] [INFO] User message: Telangana
[2025-12-19 09:20:14] [INFO] User message: 504299
[2025-12-19 09:21:19] [INFO] Address updated for Account 159620289
[2025-12-19 09:24:14] [INFO] User message: RGA
[2025-12-19 09:24:22] [INFO] User message: 159620289
[2025-12-19 09:24:22] [INFO] SOP Response: Account: 159620289<br>Status: Account is on hold - Want of KYC
[2025-12-19 09:24:24] [INFO] User message: yes
[2025-12-19 09:24:29] [INFO] User message: plot 4
[2025-12-19 09:24:53] [INFO] User message: pai layout udaynagar
[2025-12-19 09:24:57] [INFO] User message: bangalore
[2025-12-19 09:25:01] [INFO] User message: karnataka
[2025-12-19 09:25:05] [INFO] User message: 560016
[2025-12-19 09:25:22] [INFO] User message: RGA
[2025-12-19 09:25:25] [INFO] User message: 159620289
[2025-12-19 09:25:32] [INFO] User message: 159620289
[2025-12-19 09:26:06] [INFO] Excel loaded successfully.
[2025-12-19 09:26:06] [INFO] Pincode CSV loaded successfully.
[2025-12-19 09:26:06] [INFO] Chatbot server started.
[2025-12-19 09:26:12] [INFO] User message: RGA
[2025-12-19 09:26:16] [INFO] User message: 159620289
[2025-12-19 09:26:16] [INFO] SOP Response: Account: 159620289<br>Status: Account is on hold - Want of KYC
[2025-12-19 09:26:18] [INFO] User message: yes
[2025-12-19 09:26:21] [INFO] User message: plot 5
[2025-12-19 09:26:30] [INFO] User message: pai layout udaynagar
[2025-12-19 09:26:35] [INFO] User message: bengaluru
[2025-12-19 09:26:47] [INFO] User message: karnataka
[2025-12-19 09:28:49] [INFO] User message: 560016
[2025-12-19 09:30:07] [INFO] Address updated for Account 159620289
[2025-12-19 11:00:19] [INFO] Excel loaded successfully.
[2025-12-19 11:00:19] [INFO] Pincode CSV loaded successfully.
[2025-12-19 11:00:19] [INFO] Chatbot server started.
[2025-12-19 11:00:48] [INFO] User message: ECOM
[2025-12-19 11:00:55] [INFO] User message: RGA
[2025-12-19 11:00:59] [INFO] User message: ECOM
[2025-12-19 11:01:19] [INFO] User message: RGA
[2025-12-19 11:01:31] [INFO] User message: 159620289
[2025-12-19 11:01:31] [INFO] SOP Response: Account: 159620289<br>Status: Account is on hold - Want of KYC
[2025-12-19 11:01:34] [INFO] User message: no
[2025-12-19 11:02:26] [INFO] User message: RGA
[2025-12-19 11:02:29] [INFO] User message: 159620289
[2025-12-19 11:02:29] [INFO] SOP Response: Account: 159620289<br>Status: Account is on hold - Want of KYC
[2025-12-19 11:02:30] [INFO] User message: no
[2025-12-19 11:03:05] [INFO] Excel loaded successfully.
[2025-12-19 11:03:05] [INFO] Pincode CSV loaded successfully.
[2025-12-19 11:03:05] [INFO] Chatbot server started.
[2025-12-19 11:03:10] [INFO] User message: RGA
[2025-12-19 11:03:14] [INFO] User message: 159620289
[2025-12-19 11:03:14] [INFO] SOP Response: Account: 159620289<br>Status: Account is on hold - Want of KYC
[2025-12-19 11:03:15] [INFO] User message: no
[2025-12-19 11:30:48] [INFO] Excel loaded successfully.
[2025-12-19 11:30:49] [INFO] Pincode CSV loaded successfully.
[2025-12-19 11:30:49] [INFO] Chatbot server started.
[2025-12-19 11:30:52] [INFO] User message: ECOM
[2025-12-19 11:33:59] [INFO] Excel loaded successfully.
[2025-12-19 11:33:59] [INFO] Pincode CSV loaded successfully.
[2025-12-19 11:33:59] [INFO] Chatbot server started.
[2025-12-19 11:35:05] [INFO] Excel loaded successfully.
[2025-12-19 11:35:06] [INFO] Pincode CSV loaded successfully.
[2025-12-19 11:35:06] [INFO] Chatbot server started.
[2025-12-19 11:37:09] [INFO] Excel loaded successfully.
[2025-12-19 11:37:09] [INFO] Pincode CSV loaded successfully.
[2025-12-19 11:37:09] [INFO] Chatbot server started.
[2025-12-19 11:38:16] [INFO] User message: RGA
[2025-12-19 11:38:21] [INFO] User message: ECOM
[2025-12-19 11:43:04] [INFO] User message: RGA
[2025-12-19 11:43:16] [INFO] User message: ECOM
[2025-12-19 11:44:41] [INFO] User message: RGA
[2025-12-19 11:47:28] [INFO] User message: RGA
[2025-12-19 11:48:23] [INFO] User message: ECOM
[2025-12-19 11:49:08] [INFO] User message: RGA
[2025-12-19 11:50:53] [INFO] User message: ECOM
[2025-12-19 11:51:20] [INFO] User message: RGA
[2025-12-19 11:52:53] [INFO] User message: RGA
[2025-12-19 11:53:04] [INFO] User message: ECOM
[2025-12-19 11:53:16] [INFO] User message: RGA
[2025-12-19 11:53:45] [INFO] User message: RGA
[2025-12-19 11:53:51] [INFO] User message: RGA
[2025-12-19 11:54:14] [INFO] Excel loaded successfully.
[2025-12-19 11:54:15] [INFO] Pincode CSV loaded successfully.
[2025-12-19 11:54:15] [INFO] Chatbot server started.
[2025-12-19 11:54:21] [INFO] User message: RGA
[2025-12-19 11:55:00] [INFO] Excel loaded successfully.
[2025-12-19 11:55:01] [INFO] Pincode CSV loaded successfully.
[2025-12-19 11:55:01] [INFO] Chatbot server started.
[2025-12-19 11:55:04] [INFO] User message: RGA
[2025-12-19 11:56:12] [INFO] User message: RGA
[2025-12-19 11:56:26] [INFO] User message: ECOM
[2025-12-19 12:01:11] [INFO] Excel loaded successfully.
[2025-12-19 12:01:11] [INFO] Pincode CSV loaded successfully.
[2025-12-19 12:01:11] [INFO] Chatbot server started.
[2025-12-19 12:01:19] [INFO] User message: RGA
[2025-12-19 12:01:23] [INFO] User message: ECOM
[2025-12-19 12:02:07] [INFO] User message: RGA
[2025-12-19 12:07:03] [INFO] Excel loaded successfully.
[2025-12-19 12:07:03] [INFO] Pincode CSV loaded successfully.
[2025-12-19 12:07:03] [INFO] Chatbot server started.
[2025-12-19 12:07:49] [INFO] User message: RGA
[2025-12-19 12:10:07] [INFO] User message: RGA
[2025-12-19 12:10:13] [INFO] User message: ECOM
[2025-12-19 12:10:50] [INFO] User message: RGA
[2025-12-19 12:11:00] [INFO] User message: RGA
[2025-12-19 12:12:12] [INFO] User message: RGA
[2025-12-19 12:12:31] [INFO] User message: ECOM
[2025-12-19 12:12:53] [INFO] User message: RGA
[2025-12-19 12:13:31] [INFO] User message: ECOM
[2025-12-19 12:14:02] [INFO] User message: RGA
[2025-12-19 12:14:08] [INFO] User message: ECOM
[2025-12-19 12:14:16] [INFO] User message: RGA
[2025-12-19 12:14:40] [INFO] User message: RGA
[2025-12-19 12:15:52] [INFO] Excel loaded successfully.
[2025-12-19 12:15:54] [INFO] Pincode CSV loaded successfully.
[2025-12-19 12:15:54] [INFO] Chatbot server started.
[2025-12-19 12:16:00] [INFO] User message: RGA
[2025-12-19 12:16:21] [INFO] User message: RGA
[2025-12-19 12:19:27] [INFO] User message: RGA
[2025-12-19 12:19:34] [INFO] User message: RGA
[2025-12-19 12:20:42] [INFO] User message: RGA
[2025-12-19 12:21:03] [INFO] User message: RGA
[2025-12-19 12:21:29] [INFO] User message: RGA
[2025-12-19 12:21:45] [INFO] User message: ECOM
[2025-12-19 12:22:24] [INFO] User message: RGA
[2025-12-19 12:22:57] [INFO] User message: ECOM
[2025-12-19 12:26:05] [INFO] User message: RGA
[2025-12-19 12:26:20] [INFO] User message: RGA
[2025-12-19 12:26:31] [INFO] User message: RGA
[2025-12-19 12:27:05] [INFO] User message: RGA
[2025-12-19 12:27:21] [INFO] User message: RGA
[2025-12-19 12:29:58] [INFO] Excel loaded successfully.
[2025-12-19 12:30:00] [INFO] Pincode CSV loaded successfully.
[2025-12-19 12:30:00] [INFO] Chatbot server started.
[2025-12-19 12:30:16] [INFO] User message: ECOM
[2025-12-19 12:35:57] [INFO] User message: RGA
[2025-12-19 12:43:50] [INFO] User message: RGA
[2025-12-19 12:44:44] [INFO] User message: RGA
[2025-12-19 12:45:01] [INFO] User message: RGA
[2025-12-19 12:45:13] [INFO] User message: RGA
[2025-12-19 13:00:25] [INFO] User message: RGA
[2025-12-19 13:02:44] [INFO] User message: RGA
[2025-12-19 13:02:49] [INFO] User message: ECOM
[2025-12-19 13:03:00] [INFO] User message: RGA
[2025-12-19 13:03:57] [INFO] User message: ECOM
[2025-12-19 13:04:02] [INFO] User message: RGA
[2025-12-19 13:06:20] [INFO] User message: RGA
[2025-12-19 13:06:35] [INFO] User message: ECOM
[2025-12-19 13:06:47] [INFO] User message: RGA
[2025-12-19 13:08:22] [INFO] User message: RGA
[2025-12-19 13:09:07] [INFO] User message: RGA
[2025-12-19 13:09:12] [INFO] User message: ECOM
[2025-12-19 13:09:33] [INFO] User message: RGA
[2025-12-19 13:11:05] [INFO] User message: RGA
[2025-12-19 13:11:18] [INFO] User message: ECOM
[2025-12-19 13:11:34] [INFO] User message: RGA
[2025-12-19 13:12:14] [INFO] User message: RGA
[2025-12-19 13:13:11] [INFO] User message: RGA
[2025-12-19 13:13:16] [INFO] User message: ECOM
[2025-12-19 13:15:22] [INFO] User message: RGA
[2025-12-19 13:15:28] [INFO] User message: ECOM
[2025-12-19 13:15:59] [INFO] User message: RGA
[2025-12-19 13:16:27] [INFO] User message: ECOM
[2025-12-19 13:18:17] [INFO] User message: swsdfgh
[2025-12-19 13:18:24] [INFO] User message: RGA
[2025-12-19 13:18:31] [INFO] User message: asdfgh
[2025-12-19 13:18:50] [INFO] User message: RGA
[2025-12-19 13:19:30] [INFO] User message: 151910128
[2025-12-19 13:19:30] [INFO] SOP Response: Account: 151910128<br>Status: Unable to reach, due to incorrect address
[2025-12-19 13:21:24] [INFO] User message: RGA
[2025-12-19 13:21:27] [INFO] User message: 151884641
[2025-12-19 13:21:27] [INFO] SOP Response: Account: 151884641<br>Status: Delivered to the Customer
[2025-12-19 13:23:25] [INFO] User message: RGA
[2025-12-19 13:23:28] [INFO] User message: 150252816
[2025-12-19 13:23:28] [INFO] SOP Response: Account: 150252816<br>Status: Dispatched from warehouse
[2025-12-19 13:25:07] [INFO] User message: RGA
[2025-12-19 13:25:11] [INFO] User message: 150252816
[2025-12-19 13:25:11] [INFO] SOP Response: Account: 150252816<br>Status: Dispatched from warehouse
[2025-12-19 13:25:31] [INFO] User message: RGA
[2025-12-19 14:30:31] [INFO] Excel loaded successfully.
[2025-12-19 14:30:31] [INFO] Pincode CSV loaded successfully.
[2025-12-19 14:30:31] [INFO] Chatbot server started.
[2025-12-19 14:30:37] [INFO] User message: RGA
[2025-12-19 14:31:01] [INFO] User message: 150252816
[2025-12-19 14:32:06] [INFO] User message: RGA
[2025-12-19 14:32:53] [INFO] User message: 150252816
[2025-12-19 14:34:02] [INFO] User message: RGA
[2025-12-19 14:34:15] [INFO] User message: RGA
[2025-12-19 14:48:47] [INFO] User message: RGA
[2025-12-19 14:49:13] [INFO] User message: RGA
[2025-12-19 14:49:18] [INFO] User message: dfghjkl
[2025-12-19 14:49:32] [INFO] User message: ECOM
[2025-12-19 14:49:39] [INFO] User message: sdfghjk
[2025-12-19 14:51:15] [INFO] User message: ECOM
[2025-12-19 14:51:20] [INFO] User message: dfghj
[2025-12-19 14:55:37] [INFO] User message: RGA
[2025-12-19 15:00:45] [INFO] User message: sdfghjkl
[2025-12-19 15:02:53] [INFO] User message: ECOM
[2025-12-19 15:02:58] [INFO] User message: aqswedrftg
[2025-12-19 15:04:43] [INFO] User message: RGA
[2025-12-19 15:06:12] [INFO] User message: RGA
[2025-12-19 15:06:29] [INFO] User message: ECOM
[2025-12-19 15:09:36] [INFO] User message: ECOM
[2025-12-19 15:09:41] [INFO] User message: xcvbnm
[2025-12-19 15:19:00] [INFO] User message: RGA
[2025-12-19 15:19:04] [INFO] User message: XCVBGHNJMKL
[2025-12-19 15:20:42] [INFO] User message: ECOM
[2025-12-19 15:20:46] [INFO] User message: NBVCXZ
[2025-12-19 15:21:36] [INFO] User message: RGA
[2025-12-19 15:21:39] [INFO] User message: HGFDSA
[2025-12-19 15:22:31] [INFO] User message: ECOM
[2025-12-19 15:22:34] [INFO] User message: ASDFGH
[2025-12-19 15:28:06] [INFO] User message: RGA
[2025-12-19 15:28:26] [INFO] User message: ECOM
[2025-12-19 15:29:17] [INFO] User message: SDFG
[2025-12-19 15:29:37] [INFO] User message: DFGH
[2025-12-19 15:34:19] [INFO] User message: RGA
[2025-12-19 15:36:25] [INFO] User message: 150246020
[2025-12-19 15:38:07] [INFO] User message: RGA
[2025-12-19 15:38:11] [INFO] User message: 150252816
[2025-12-19 15:40:34] [INFO] User message: ECOM
[2025-12-19 15:42:51] [INFO] User message: RGA
[2025-12-19 15:43:30] [INFO] Excel loaded successfully.
[2025-12-19 15:43:30] [INFO] Pincode CSV loaded successfully.
[2025-12-19 15:43:30] [INFO] Chatbot server started.
[2025-12-19 15:43:37] [INFO] User message: RGA
[2025-12-19 15:43:41] [INFO] User message: 150252816
[2025-12-19 15:43:53] [INFO] User message: RGA
[2025-12-19 15:43:56] [INFO] User message: 158516002
[2025-12-19 16:00:02] [INFO] User message: RGA
[2025-12-19 16:00:06] [INFO] User message: 158516002
[2025-12-19 16:00:41] [INFO] Excel loaded successfully.
[2025-12-19 16:00:41] [INFO] Pincode CSV loaded successfully.
[2025-12-19 16:00:41] [INFO] Chatbot server started.
[2025-12-19 16:01:21] [INFO] User message: RGA
[2025-12-19 16:01:27] [INFO] User message: 158516002
[2025-12-19 16:08:33] [INFO] User message: RGA
[2025-12-19 16:08:38] [INFO] User message: 158516002
[2025-12-19 16:09:04] [INFO] Excel loaded successfully.
[2025-12-19 16:09:04] [INFO] Pincode CSV loaded successfully.
[2025-12-19 16:09:04] [INFO] Chatbot server started.
[2025-12-19 16:09:10] [INFO] User message: RGA
[2025-12-19 16:09:13] [INFO] User message: 158516002
[2025-12-19 16:13:11] [INFO] User message: RGA
[2025-12-19 16:13:13] [INFO] User message: 158516002
[2025-12-19 16:30:50] [INFO] Excel loaded successfully.
[2025-12-19 16:30:50] [INFO] Pincode CSV loaded successfully.
[2025-12-19 16:30:50] [INFO] Chatbot server started.
[2025-12-19 16:30:56] [INFO] User message: RGA
[2025-12-19 16:31:10] [INFO] User message: 158516002
[2025-12-19 16:31:13] [INFO] User message: yes
[2025-12-19 16:31:20] [INFO] User message: plot 4567
[2025-12-21 19:32:54] [INFO] Excel loaded successfully.
[2025-12-21 19:32:55] [INFO] Pincode CSV loaded successfully.
[2025-12-21 19:32:55] [INFO] Chatbot server started.
[2025-12-21 19:33:56] [INFO] User message: RGA
[2025-12-21 19:36:29] [INFO] User message: RGA
[2025-12-21 19:36:34] [INFO] User message: ECOM
[2025-12-21 20:06:30] [INFO] Excel loaded successfully.
[2025-12-21 20:06:31] [INFO] Pincode CSV loaded successfully.
[2025-12-21 20:06:31] [INFO] Chatbot server started.
[2025-12-21 20:06:46] [INFO] User message: RGA
[2025-12-21 20:07:00] [INFO] User message: 150246020
[2025-12-21 20:07:37] [INFO] User message: RGA
[2025-12-21 20:07:40] [INFO] User message: 150246020
[2025-12-21 20:20:55] [INFO] Excel loaded successfully.
[2025-12-21 20:20:56] [INFO] Pincode CSV loaded successfully.
[2025-12-21 20:20:56] [INFO] Chatbot server started.
[2025-12-21 20:21:04] [INFO] User message: RGA
[2025-12-21 20:21:19] [INFO] User message: 150246020
[2025-12-22 10:30:14] [INFO] Excel loaded successfully.
[2025-12-22 10:30:16] [INFO] Pincode CSV loaded successfully.
[2025-12-22 10:30:16] [INFO] Chatbot server started.
[2025-12-22 10:33:37] [INFO] User message: ECOM
[2025-12-22 10:34:38] [INFO] User message: RGA
[2025-12-22 10:37:02] [INFO] User message: RGA
[2025-12-22 10:37:09] [INFO] User message: ECOM
[2025-12-22 10:37:25] [INFO] User message: RGA
[2025-12-22 10:37:42] [INFO] User message: RGA
[2025-12-22 10:39:12] [INFO] Excel loaded successfully.
[2025-12-22 10:39:12] [INFO] Pincode CSV loaded successfully.
[2025-12-22 10:39:12] [INFO] Chatbot server started.
[2025-12-22 10:39:20] [INFO] User message: ECOM
[2025-12-22 10:39:25] [INFO] User message: RGA
[2025-12-22 10:41:33] [INFO] User message: RGA
[2025-12-22 10:41:36] [INFO] User message: ECOM
[2025-12-22 10:43:05] [INFO] User message: RGA
[2025-12-22 10:43:12] [INFO] User message: ECOM
[2025-12-22 10:45:19] [INFO] User message: ECOM
[2025-12-22 10:47:42] [INFO] User message: RGA
[2025-12-22 10:47:48] [INFO] User message: ECOM
[2025-12-22 10:48:48] [INFO] User message: RGA
[2025-12-22 10:49:03] [INFO] User message: ECOM
[2025-12-22 10:52:23] [INFO] User message: RGA
[2025-12-22 10:52:28] [INFO] User message: ECOM
[2025-12-22 10:55:10] [INFO] User message: ECOM
[2025-12-22 10:55:18] [INFO] User message: RGA
[2025-12-22 10:55:43] [INFO] User message: RGA
[2025-12-22 10:55:54] [INFO] User message: RGA
[2025-12-22 10:56:00] [INFO] User message: ECOM
[2025-12-22 10:58:14] [INFO] User message: RGA
[2025-12-22 11:02:04] [INFO] User message: ECOM
[2025-12-22 11:02:18] [INFO] User message: RGA
[2025-12-22 11:02:28] [INFO] User message: 150246020
[2025-12-22 11:03:21] [INFO] User message: RGA
[2025-12-22 11:03:23] [INFO] User message: 158818328
[2025-12-22 11:03:38] [INFO] User message: RGA
[2025-12-22 11:03:44] [INFO] User message: 150252816
[2025-12-22 11:04:48] [INFO] User message: RGA
[2025-12-22 11:04:51] [INFO] User message: 150252816
[2025-12-22 11:05:22] [INFO] Excel loaded successfully.
[2025-12-22 11:05:22] [INFO] Pincode CSV loaded successfully.
[2025-12-22 11:05:22] [INFO] Chatbot server started.
[2025-12-22 11:05:26] [INFO] User message: RGA
[2025-12-22 11:05:29] [INFO] User message: 150252816
[2025-12-22 11:12:15] [INFO] User message: ECOM
[2025-12-22 11:13:09] [INFO] Excel loaded successfully.
[2025-12-22 11:13:10] [INFO] Pincode CSV loaded successfully.
[2025-12-22 11:13:10] [INFO] Chatbot server started.
[2025-12-22 11:13:35] [INFO] User message: RGA
[2025-12-22 11:17:24] [INFO] User message: 159805808
[2025-12-22 11:18:19] [INFO] User message: RGA
[2025-12-22 11:18:24] [INFO] User message: 159807697
[2025-12-22 11:18:33] [INFO] User message: RGA
[2025-12-22 11:18:41] [INFO] User message: 159806027
[2025-12-22 11:18:51] [INFO] User message: yes
[2025-12-22 11:20:32] [INFO] User message: CHURI TOLA
[2025-12-22 11:20:43] [INFO] User message: KANKE
[2025-12-22 11:21:30] [INFO] User message: RANCHI
[2025-12-22 11:21:41] [INFO] User message: Jharkhand
[2025-12-22 11:21:49] [INFO] User message: 834006
[2025-12-22 11:26:06] [INFO] User message: RGA
[2025-12-22 11:26:08] [INFO] User message: 160404663
[2025-12-22 11:26:51] [INFO] Excel loaded successfully.
[2025-12-22 11:26:51] [INFO] Pincode CSV loaded successfully.
[2025-12-22 11:26:51] [INFO] Chatbot server started.
[2025-12-22 11:26:56] [INFO] User message: RGA
[2025-12-22 11:26:58] [INFO] User message: 160404663
[2025-12-22 11:27:57] [INFO] User message: RGA
[2025-12-22 11:28:04] [INFO] User message: ECOM
[2025-12-22 11:28:31] [INFO] User message: RGA
[2025-12-22 11:37:45] [INFO] Excel loaded successfully.
[2025-12-22 11:37:46] [INFO] Pincode CSV loaded successfully.
[2025-12-22 11:37:46] [INFO] Chatbot server started.
[2025-12-22 11:37:50] [INFO] User message: RGA
[2025-12-22 11:38:55] [INFO] User message: ECOM
[2025-12-22 11:39:06] [INFO] User message: ECOM
[2025-12-22 11:45:55] [INFO] Excel loaded successfully.
[2025-12-22 11:45:56] [INFO] Pincode CSV loaded successfully.
[2025-12-22 11:45:56] [INFO] Chatbot server started.
[2025-12-22 11:46:25] [INFO] User message: RGA
[2025-12-22 14:32:51] [INFO] Excel loaded successfully.
[2025-12-22 14:32:51] [INFO] Pincode CSV loaded successfully.
[2025-12-22 14:32:51] [INFO] Chatbot server started.
[2025-12-22 14:32:56] [INFO] User message: ECOM
[2025-12-22 14:33:04] [INFO] User message: RGA
[2025-12-22 14:33:18] [INFO] User message: ECOM
[2025-12-22 14:33:33] [INFO] User message: RGA
[2025-12-23 15:36:36] [INFO] Excel loaded successfully.
[2025-12-23 15:36:38] [INFO] Pincode CSV loaded successfully.
[2025-12-23 15:36:38] [INFO] Chatbot server started.
[2025-12-23 16:16:15] [INFO] Excel loaded successfully.
[2025-12-23 16:16:15] [INFO] Pincode CSV loaded successfully.
[2025-12-23 16:16:15] [INFO] Chatbot server started.
[2025-12-23 16:16:25] [INFO] User message: RGA
[2025-12-23 16:16:29] [INFO] User message: ECOM
[2025-12-23 16:47:14] [INFO] Excel loaded successfully.
[2025-12-23 16:47:14] [INFO] Pincode CSV loaded successfully.
[2025-12-23 16:47:14] [INFO] Chatbot server started.
[2025-12-30 09:01:41] [INFO] Excel loaded successfully from: \\172.20.6.75\Ecom & RGA\MIS Uasge -RGA\RGA Account Dispatch Details.xlsx
[2025-12-30 09:06:21] [INFO] Excel loaded successfully from: \\172.20.6.75\Ecom & RGA\MIS Uasge -RGA\RGA Account Dispatch Details.xlsx
[2025-12-30 09:16:16] [INFO] Excel loaded successfully from: \\172.20.6.75\Ecom & RGA\MIS Uasge -RGA\RGA Account Dispatch Details.xlsx
[2025-12-30 09:18:26] [INFO] Excel loaded successfully from: \\172.20.6.75\Ecom & RGA\MIS Uasge -RGA\RGA Account Dispatch Details.xlsx
[2025-12-30 09:22:45] [INFO] Excel loaded successfully from: \\172.20.6.75\Ecom & RGA\MIS Uasge -RGA\RGA Account Dispatch Details.xlsx
[2025-12-30 09:26:28] [INFO] Excel loaded successfully from: \\172.20.6.75\Ecom & RGA\MIS Uasge -RGA\RGA Account Dispatch Details.xlsx
[2025-12-30 09:27:33] [INFO] Excel loaded successfully from: \\172.20.6.75\Ecom & RGA\MIS Uasge -RGA\RGA Account Dispatch Details.xlsx
[2025-12-30 10:55:38] [INFO] Excel loaded successfully from: \\172.20.6.75\Ecom & RGA\MIS Uasge -RGA\RGA Account Dispatch Details.xlsx
[2025-12-30 10:59:26] [INFO] Excel loaded successfully from: \\172.20.6.75\Ecom & RGA\MIS Uasge -RGA\RGA Account Dispatch Details.xlsx
[2025-12-30 11:06:18] [INFO] Excel loaded successfully from: \\172.20.6.75\Ecom & RGA\MIS Uasge -RGA\RGA Account Dispatch Details.xlsx
[2025-12-30 11:12:20] [INFO] Excel loaded successfully from: \\172.20.6.75\Ecom & RGA\MIS Uasge -RGA\RGA Account Dispatch Details.xlsx
[2025-12-30 11:12:20] [INFO] Loading pincode CSV from: C:\Users\Sabihatameem\Downloads\pincode.csv
[2025-12-30 11:12:21] [INFO] Pincode CSV loaded successfully.
[2025-12-30 11:12:21] [INFO] Chatbot server started.
[2025-12-30 11:14:34] [INFO] User message: RGA
[2025-12-30 12:48:09] [INFO] User message: RGA
[2025-12-30 12:48:18] [INFO] User message: ECOM
[2025-12-30 12:48:47] [INFO] User message: RGA
[2025-12-30 12:50:15] [INFO] User message: 150321482
[2025-12-30 12:50:49] [INFO] User message: RGA
[2025-12-30 12:50:57] [INFO] User message: 158053552
[2025-12-30 12:51:04] [INFO] User message: RGA
[2025-12-30 12:51:15] [INFO] User message: 158069478
[2025-12-30 14:56:39] [INFO] Excel loaded successfully from: \\172.20.6.75\Ecom & RGA\MIS Uasge -RGA\RGA Account Dispatch Details.xlsx
[2025-12-30 14:56:39] [INFO] Loading pincode CSV from: C:\Users\Sabihatameem\Downloads\pincode.csv
[2025-12-30 14:56:39] [INFO] Pincode CSV loaded successfully.
[2025-12-30 14:56:39] [INFO] Chatbot server started.
[2025-12-30 15:02:51] [INFO] Excel loaded successfully from: \\172.20.6.75\Ecom & RGA\MIS Uasge -RGA\RGA Account Dispatch Details.xlsx
[2025-12-30 15:02:51] [INFO] Loading pincode CSV from: C:\Users\Sabihatameem\Downloads\pincode.csv
[2025-12-30 15:02:51] [INFO] Pincode CSV loaded successfully.
[2025-12-30 15:02:51] [INFO] Chatbot server started.
[2025-12-30 15:08:17] [INFO] User message: RGA
[2025-12-30 15:08:24] [INFO] User message: ECOM
[2025-12-30 15:08:31] [INFO] User message: RGA
[2025-12-30 15:09:02] [INFO] User message: 159803934
[2025-12-30 15:10:17] [INFO] User message: RGA
[2025-12-30 15:10:21] [INFO] User message: 159806027
[2025-12-30 15:16:37] [INFO] User message: RGA
[2025-12-30 15:17:25] [INFO] User message: RGA
[2025-12-30 15:17:53] [INFO] User message: RGA
[2025-12-30 16:03:02] [INFO] Excel loaded successfully from: \\172.20.6.75\Ecom & RGA\MIS Uasge -RGA\RGA Account Dispatch Details.xlsx
[2025-12-30 16:03:02] [INFO] Loading pincode CSV from: C:\Users\Sabihatameem\Downloads\pincode.csv
[2025-12-30 16:03:02] [INFO] Pincode CSV loaded successfully.
[2025-12-30 16:03:02] [INFO] Chatbot server started.
[2025-12-30 16:08:33] [INFO] User message: RGA
[2025-12-30 16:08:54] [INFO] User message: 159807833
[2025-12-30 16:09:18] [INFO] User message: RGA
[2025-12-30 16:09:21] [INFO] User message: 159804894
[2025-12-31 11:34:44] [INFO] Excel loaded successfully.
[2025-12-31 11:34:44] [INFO] Pincode CSV loaded successfully.
[2025-12-31 11:34:44] [INFO] Chatbot server started.
[2025-12-31 11:34:56] [INFO] User message: RGA
[2025-12-31 11:35:26] [INFO] User message: 159806027
[2025-12-31 11:35:28] [INFO] User message: yes
[2025-12-31 11:35:50] [INFO] User message: sector 3
[2025-12-31 11:35:59] [INFO] User message: indira nagar
[2025-12-31 11:36:18] [INFO] User message: bangalore
[2025-12-31 11:36:27] [INFO] User message: karnataka
[2025-12-31 11:36:35] [INFO] User message: 560016
[2025-12-31 11:46:59] [INFO] User message: RGA
[2025-12-31 11:47:13] [INFO] User message: 159806379
[2025-12-31 11:47:17] [INFO] User message: RGA
[2025-12-31 11:47:19] [INFO] User message: 159806379
[2025-12-31 11:47:55] [INFO] User message: RGA
[2025-12-31 11:48:09] [INFO] User message: 159806379
[2025-12-31 11:48:29] [INFO] Excel loaded successfully.
[2025-12-31 11:48:30] [INFO] Pincode CSV loaded successfully.
[2025-12-31 11:48:30] [INFO] Chatbot server started.
[2025-12-31 11:48:58] [INFO] User message: RGA
[2025-12-31 11:49:02] [INFO] User message: 159806379
[2025-12-31 11:49:35] [INFO] User message: RGA
[2025-12-31 11:49:57] [INFO] User message: 159803934
[2025-12-31 12:22:47] [INFO] Excel loaded successfully.
[2025-12-31 12:22:48] [INFO] Pincode CSV loaded successfully.
[2025-12-31 12:22:48] [INFO] Chatbot server started.
[2025-12-31 12:26:24] [INFO] User message: RGA
[2025-12-31 12:26:50] [INFO] User message: 159806379
[2025-12-31 12:27:27] [INFO] User message: RGA
[2025-12-31 12:27:31] [INFO] User message: 159803934
[2025-12-31 12:37:36] [INFO] Excel loaded successfully.
[2025-12-31 12:37:36] [INFO] Pincode CSV loaded successfully.
[2025-12-31 12:37:36] [INFO] Chatbot server started.
[2025-12-31 12:37:43] [INFO] User message: RGA
[2025-12-31 12:37:53] [INFO] User message: 159803934
[2025-12-31 12:37:53] [INFO] SOP Response: Account: 159803934 | Status: Delivered to the Customer | Delivered Date: 2025-11-09
[2025-12-31 13:05:47] [INFO] Excel loaded successfully.
[2025-12-31 13:05:47] [INFO] Pincode CSV loaded successfully.
[2025-12-31 13:05:47] [INFO] Chatbot server started.
[2025-12-31 13:06:29] [INFO] User message: RGA
[2025-12-31 13:07:01] [INFO] User message: RGA
[2025-12-31 13:07:11] [INFO] User message: ECOM
[2025-12-31 13:07:26] [INFO] User message: RGA
[2025-12-31 13:08:03] [INFO] User message: 160303294
[2025-12-31 13:08:03] [INFO] BOT Response: Account: 160303294 | Refund Date: 2025-11-04 | Invoice Created: 2025-11-28 | Dispatched: 2025-11-28 | Courier: BLUEDART | Docket: 90319976622 | <a href="https://bluedart.com" target="_blank">Track on Bluedart</a>
[2025-12-31 13:09:07] [INFO] User message: RGA
[2025-12-31 13:10:02] [INFO] User message: 160815957
[2025-12-31 13:10:02] [INFO] BOT Response: Account: 160815957 | Refund Date: 2025-11-21 | Invoice Created: 2025-12-17 | Dispatched: 2025-12-17 | Courier: SEQUEL | Docket: 708430929 | <a href="https://sequelglobal.com" target="_blank">Track on Sequel</a>
[2025-12-31 13:10:18] [INFO] User message: RGA
[2025-12-31 13:10:52] [INFO] User message: 160217027
[2025-12-31 13:10:52] [INFO] BOT Response: Account: 160217027 | Status: Unable to reach, due to incorrect address
[2025-12-31 13:11:42] [INFO] User message: RGA
[2025-12-31 13:11:44] [INFO] User message: 159806027
[2025-12-31 13:11:44] [INFO] BOT Response: Account: 159806027 | Status: Account is on hold - Want of KYC
[2025-12-31 13:11:44] [INFO] BOT Response: Account: 159806027 | Status: Account is on hold - Want of KYC |  | Would you like to update the address?
[2025-12-31 13:13:18] [INFO] User message: RGA
[2025-12-31 13:13:20] [INFO] User message: 159803934
[2025-12-31 13:13:20] [INFO] BOT Response: Account: 159803934 | Status: Delivered to the Customer | Delivered Date: 2025-11-09
[2026-01-02 11:03:56] [INFO] Chatbot server starting...
[2026-01-02 11:04:15] [INFO] Excel loaded successfully from: \\172.20.6.75\Ecom & RGA\MIS Uasge -RGA\RGA Account Dispatch Details.xlsx
[2026-01-02 11:04:15] [INFO] Pincode CSV loaded from: C:\Users\Sabihatameem\Downloads\pincode.csv
[2026-01-02 11:06:21] [INFO] Chatbot server starting...
[2026-01-02 11:06:37] [INFO] Excel loaded successfully from: \\172.20.6.75\Ecom & RGA\MIS Uasge -RGA\RGA Account Dispatch Details.xlsx
[2026-01-02 11:06:37] [INFO] Pincode CSV loaded from: C:\Users\Sabihatameem\Downloads\pincode.csv
[2026-01-02 11:06:37] [INFO] Local URL: http://172.25.45.209:5050/web1
[2026-01-02 11:06:39] [INFO] Frontend opened locally at: http://172.25.45.209:5050/web1
[2026-01-02 11:06:42] [INFO] User message: RGA
[2026-01-02 11:08:01] [INFO] User message: 150304782
[2026-01-02 11:16:29] [INFO] Chatbot server starting...
[2026-01-02 11:16:48] [INFO] Excel loaded successfully from: \\172.20.6.75\Ecom & RGA\MIS Uasge -RGA\RGA Account Dispatch Details.xlsx
[2026-01-02 11:16:48] [INFO] Pincode CSV loaded from: C:\Users\Sabihatameem\Downloads\pincode.csv
[2026-01-02 11:16:50] [INFO] Frontend opened at http://localhost/web1
[2026-01-02 11:19:34] [INFO] Chatbot server starting...
[2026-01-02 11:19:49] [INFO] Excel loaded successfully from: \\172.20.6.75\Ecom & RGA\MIS Uasge -RGA\RGA Account Dispatch Details.xlsx
[2026-01-02 11:19:49] [INFO] Pincode CSV loaded from: C:\Users\Sabihatameem\Downloads\pincode.csv
[2026-01-02 11:22:17] [INFO] Chatbot server starting...
[2026-01-02 11:22:31] [INFO] Excel loaded successfully from: \\172.20.6.75\Ecom & RGA\MIS Uasge -RGA\RGA Account Dispatch Details.xlsx
[2026-01-02 11:22:32] [INFO] Pincode CSV loaded from: C:\Users\Sabihatameem\Downloads\pincode.csv
[2026-01-02 11:23:35] [INFO] Chatbot server starting...
[2026-01-02 11:23:50] [INFO] Excel loaded successfully from: \\172.20.6.75\Ecom & RGA\MIS Uasge -RGA\RGA Account Dispatch Details.xlsx
[2026-01-02 11:23:50] [INFO] Pincode CSV loaded from: C:\Users\Sabihatameem\Downloads\pincode.csv
[2026-01-02 11:24:09] [INFO] Chatbot server starting...
[2026-01-02 11:24:23] [INFO] Excel loaded successfully from: \\172.20.6.75\Ecom & RGA\MIS Uasge -RGA\RGA Account Dispatch Details.xlsx
[2026-01-02 11:24:24] [INFO] Pincode CSV loaded from: C:\Users\Sabihatameem\Downloads\pincode.csv
[2026-01-02 11:24:26] [INFO] Browser opened at: http://localhost:5050
[2026-01-02 11:27:30] [INFO] Chatbot server starting...
[2026-01-02 11:27:44] [INFO] Excel loaded successfully from: \\172.20.6.75\Ecom & RGA\MIS Uasge -RGA\RGA Account Dispatch Details.xlsx
[2026-01-02 11:27:44] [INFO] Pincode CSV loaded from: C:\Users\Sabihatameem\Downloads\pincode.csv
[2026-01-02 11:27:47] [INFO] Browser opened at: http://localhost:5050/
[2026-01-02 11:28:05] [INFO] User message: RGA
[2026-01-05 14:22:17] [INFO] Excel loaded successfully.
[2026-01-05 14:22:17] [INFO] Pincode CSV loaded successfully.
[2026-01-05 14:22:17] [INFO] Chatbot server started.
[2026-01-06 10:34:40] [INFO] Excel loaded successfully.
[2026-01-06 10:34:41] [INFO] Pincode CSV loaded successfully.
[2026-01-06 10:34:41] [INFO] Chatbot server started.
[2026-01-06 12:49:02] [INFO] User message: RGA
[2026-01-06 12:50:11] [INFO] User message: 160013384
[2026-01-06 12:50:11] [INFO] BOT Response: Account: 160013384 | Refund Date: 2025-10-26 | Invoice Created: 2025-12-20 | Dispatched: 2025-12-20 | Courier: SEQUEL | Docket: 708073475 | <a href="https://sequelglobal.com" target="_blank">Track on Sequel</a>
[2026-01-06 12:51:32] [INFO] User message: RGA
[2026-01-06 12:51:38] [INFO] User message: 160013384
[2026-01-06 12:51:38] [INFO] BOT Response: Account: 160013384 | Refund Date: 2025-10-26 | Invoice Created: 2025-12-20 | Dispatched: 2025-12-20 | Courier: SEQUEL | Docket: 708073475 | <a href="https://sequelglobal.com" target="_blank">Track on Sequel</a>
[2026-01-06 12:52:12] [INFO] User message: ECOM
[2026-01-30 11:58:34] [INFO] Excel loaded successfully.
[2026-01-30 11:58:34] [INFO] Pincode CSV loaded successfully.
[2026-01-30 11:58:34] [INFO] Chatbot server started.
